#
# There is insufficient memory for the Java Runtime Environment to continue.
# Native memory allocation (mmap) failed to map 141557760 bytes for committing reserved memory.
# Possible reasons:
#   The system is out of physical RAM or swap space
#   In 32 bit mode, the process size limit was hit
# Possible solutions:
#   Reduce memory load on the system
#   Increase physical memory or swap space
#   Check if swap backing store is full
#   Use 64 bit Java on a 64 bit OS
#   Decrease Java heap size (-Xmx/-Xms)
#   Decrease number of Java threads
#   Decrease Java thread stack sizes (-Xss)
#   Set larger code cache with -XX:ReservedCodeCacheSize=
# This output file may be truncated or incomplete.
#
#  Out of Memory Error (os_linux.cpp:2638), pid=22860, tid=0x00007f45d7afa700
#
# JRE version: OpenJDK Runtime Environment (8.0_92-b14) (build 1.8.0_92-b14)
# Java VM: OpenJDK 64-Bit Server VM (25.92-b14 mixed mode linux-amd64 compressed oops)
# Failed to write core dump. Core dumps have been disabled. To enable core dumping, try "ulimit -c unlimited" before starting Java again
#

---------------  T H R E A D  ---------------

Current thread (0x00007f45f4085000):  VMThread [stack: 0x00007f45d79fa000,0x00007f45d7afb000] [id=22869]

Stack: [0x00007f45d79fa000,0x00007f45d7afb000],  sp=0x00007f45d7af94c0,  free space=1021k
Native frames: (J=compiled Java code, j=interpreted, Vv=VM code, C=native code)
V  [libjvm.so+0xa5fc6b]
V  [libjvm.so+0x4c3f5c]
V  [libjvm.so+0x8b0850]
V  [libjvm.so+0x8aacce]
V  [libjvm.so+0x924cfb]
V  [libjvm.so+0x926033]
V  [libjvm.so+0x92270b]
V  [libjvm.so+0x9229bc]
V  [libjvm.so+0x8d4e43]
V  [libjvm.so+0xa61912]
V  [libjvm.so+0xa66997]
V  [libjvm.so+0xa64167]
V  [libjvm.so+0xa655ef]
V  [libjvm.so+0xa65ae1]
V  [libjvm.so+0x8add32]

VM_Operation (0x00007f45d6fedd40): ParallelGCFailedAllocation, mode: safepoint, requested by thread 0x00007f45f4150000


---------------  P R O C E S S  ---------------

Java Threads: ( => current thread )
  0x00007f45f4150000 JavaThread "pool-2-thread-2" [_thread_blocked, id=22882, stack(0x00007f45d6eef000,0x00007f45d6ff0000)]
  0x00007f45f414e000 JavaThread "pool-3-thread-1" [_thread_blocked, id=22881, stack(0x00007f45d6ff0000,0x00007f45d70f1000)]
  0x00007f45f40d1000 JavaThread "Service Thread" daemon [_thread_blocked, id=22877, stack(0x00007f45d72f3000,0x00007f45d73f4000)]
  0x00007f45f40ce800 JavaThread "C1 CompilerThread2" daemon [_thread_blocked, id=22876, stack(0x00007f45d73f4000,0x00007f45d74f5000)]
  0x00007f45f40cc800 JavaThread "C2 CompilerThread1" daemon [_thread_in_native, id=22875, stack(0x00007f45d74f5000,0x00007f45d75f6000)]
  0x00007f45f40bf000 JavaThread "C2 CompilerThread0" daemon [_thread_in_native, id=22874, stack(0x00007f45d75f6000,0x00007f45d76f7000)]
  0x00007f45f40bd000 JavaThread "Signal Dispatcher" daemon [_thread_blocked, id=22873, stack(0x00007f45d76f7000,0x00007f45d77f8000)]
  0x00007f45f4093000 JavaThread "Finalizer" daemon [_thread_blocked, id=22871, stack(0x00007f45d77f8000,0x00007f45d78f9000)]
  0x00007f45f408e800 JavaThread "Reference Handler" daemon [_thread_blocked, id=22870, stack(0x00007f45d78f9000,0x00007f45d79fa000)]
  0x00007f45f4009800 JavaThread "main" [_thread_blocked, id=22862, stack(0x00007f45fe248000,0x00007f45fe349000)]

Other Threads:
=>0x00007f45f4085000 VMThread [stack: 0x00007f45d79fa000,0x00007f45d7afb000] [id=22869]
  0x00007f45f40d3800 WatcherThread [stack: 0x00007f45d71f2000,0x00007f45d72f3000] [id=22878]

VM state:at safepoint (normal execution)

VM Mutex/Monitor currently owned by a thread:  ([mutex/lock_event])
[0x00007f45f4006a70] Threads_lock - owner thread: 0x00007f45f4085000
[0x00007f45f4006f70] Heap_lock - owner thread: 0x00007f45f4150000

Heap:
 PSYoungGen      total 136192K, used 14317K [0x00000000eab00000, 0x00000000f3f00000, 0x0000000100000000)
  eden space 121856K, 0% used [0x00000000eab00000,0x00000000eab00000,0x00000000f2200000)
  from space 14336K, 99% used [0x00000000f2200000,0x00000000f2ffb718,0x00000000f3000000)
  to   space 13312K, 0% used [0x00000000f3000000,0x00000000f3000000,0x00000000f3d00000)
 ParOldGen       total 40960K, used 34481K [0x00000000c0000000, 0x00000000c2800000, 0x00000000eab00000)
  object space 40960K, 84% used [0x00000000c0000000,0x00000000c21ac670,0x00000000c2800000)
 Metaspace       used 6688K, capacity 7152K, committed 7296K, reserved 1056768K
  class space    used 594K, capacity 616K, committed 640K, reserved 1048576K

Card table byte_map: [0x00007f45fad52000,0x00007f45faf53000] byte_map_base: 0x00007f45fa752000

Marking Bits: (ParMarkBitMap*) 0x00007f45fd52b0e0
 Begin Bits: [0x00007f45f87f8000, 0x00007f45f97f8000)
 End Bits:   [0x00007f45f97f8000, 0x00007f45fa7f8000)

Polling page: 0x00007f45fe36d000

CodeCache: size=245760Kb used=6882Kb max_used=6882Kb free=238877Kb
 bounds [0x00007f45e5000000, 0x00007f45e56c0000, 0x00007f45f4000000]
 total_blobs=2125 nmethods=1858 adapters=182
 compilation: enabled

Compilation events (10 events):
Event: 12.269 Thread 0x00007f45f40ce800 2091       3       com.android.dx.ssa.SCCP::simulateBranch (666 bytes)
Event: 12.274 Thread 0x00007f45f40ce800 nmethod 2091 0x00007f45e56b4110 code [0x00007f45e56b45c0, 0x00007f45e56b80b8]
Event: 12.300 Thread 0x00007f45f40ce800 2092 %     3       com.android.dx.rop.code.DexTranslationAdvice::totalRopWidth @ 10 (36 bytes)
Event: 12.301 Thread 0x00007f45f40ce800 nmethod 2092% 0x00007f45e56b9d10 code [0x00007f45e56b9ee0, 0x00007f45e56ba728]
Event: 12.303 Thread 0x00007f45f40ce800 2093       3       com.android.dx.rop.code.DexTranslationAdvice::totalRopWidth (36 bytes)
Event: 12.304 Thread 0x00007f45f40ce800 nmethod 2093 0x00007f45e56baa90 code [0x00007f45e56bac60, 0x00007f45e56bb448]
Event: 12.784 Thread 0x00007f45f40ce800 2095       1       com.android.dx.ssa.LiteralOpUpgrader$1::visitPhiInsn (1 bytes)
Event: 12.785 Thread 0x00007f45f40ce800 nmethod 2095 0x00007f45e56bb790 code [0x00007f45e56bb8e0, 0x00007f45e56bb9f0]
Event: 12.858 Thread 0x00007f45f40ce800 2096       2       com.android.dx.rop.code.SwitchInsn::<init> (49 bytes)
Event: 12.859 Thread 0x00007f45f40ce800 nmethod 2096 0x00007f45e56bba50 code [0x00007f45e56bbbe0, 0x00007f45e56bbee8]

GC Heap History (10 events):
Event: 3.811 GC heap after
Heap after GC invocations=2 (full 0):
 PSYoungGen      total 33280K, used 2543K [0x00000000eab00000, 0x00000000ece00000, 0x0000000100000000)
  eden space 30720K, 0% used [0x00000000eab00000,0x00000000eab00000,0x00000000ec900000)
  from space 2560K, 99% used [0x00000000ecb80000,0x00000000ecdfbdf0,0x00000000ece00000)
  to   space 2560K, 0% used [0x00000000ec900000,0x00000000ec900000,0x00000000ecb80000)
 ParOldGen       total 40960K, used 2666K [0x00000000c0000000, 0x00000000c2800000, 0x00000000eab00000)
  object space 40960K, 6% used [0x00000000c0000000,0x00000000c029a988,0x00000000c2800000)
 Metaspace       used 6110K, capacity 6768K, committed 7040K, reserved 1056768K
  class space    used 573K, capacity 616K, committed 640K, reserved 1048576K
}
Event: 4.703 GC heap before
{Heap before GC invocations=3 (full 0):
 PSYoungGen      total 33280K, used 33263K [0x00000000eab00000, 0x00000000ece00000, 0x0000000100000000)
  eden space 30720K, 100% used [0x00000000eab00000,0x00000000ec900000,0x00000000ec900000)
  from space 2560K, 99% used [0x00000000ecb80000,0x00000000ecdfbdf0,0x00000000ece00000)
  to   space 2560K, 0% used [0x00000000ec900000,0x00000000ec900000,0x00000000ecb80000)
 ParOldGen       total 40960K, used 2666K [0x00000000c0000000, 0x00000000c2800000, 0x00000000eab00000)
  object space 40960K, 6% used [0x00000000c0000000,0x00000000c029a988,0x00000000c2800000)
 Metaspace       used 6251K, capacity 6960K, committed 7040K, reserved 1056768K
  class space    used 574K, capacity 616K, committed 640K, reserved 1048576K
Event: 4.741 GC heap after
Heap after GC invocations=3 (full 0):
 PSYoungGen      total 33280K, used 2538K [0x00000000eab00000, 0x00000000eec00000, 0x0000000100000000)
  eden space 30720K, 0% used [0x00000000eab00000,0x00000000eab00000,0x00000000ec900000)
  from space 2560K, 99% used [0x00000000ec900000,0x00000000ecb7aab8,0x00000000ecb80000)
  to   space 2560K, 0% used [0x00000000ee980000,0x00000000ee980000,0x00000000eec00000)
 ParOldGen       total 40960K, used 7372K [0x00000000c0000000, 0x00000000c2800000, 0x00000000eab00000)
  object space 40960K, 17% used [0x00000000c0000000,0x00000000c0733068,0x00000000c2800000)
 Metaspace       used 6251K, capacity 6960K, committed 7040K, reserved 1056768K
  class space    used 574K, capacity 616K, committed 640K, reserved 1048576K
}
Event: 5.408 GC heap before
{Heap before GC invocations=4 (full 0):
 PSYoungGen      total 33280K, used 33258K [0x00000000eab00000, 0x00000000eec00000, 0x0000000100000000)
  eden space 30720K, 100% used [0x00000000eab00000,0x00000000ec900000,0x00000000ec900000)
  from space 2560K, 99% used [0x00000000ec900000,0x00000000ecb7aab8,0x00000000ecb80000)
  to   space 2560K, 0% used [0x00000000ee980000,0x00000000ee980000,0x00000000eec00000)
 ParOldGen       total 40960K, used 7372K [0x00000000c0000000, 0x00000000c2800000, 0x00000000eab00000)
  object space 40960K, 17% used [0x00000000c0000000,0x00000000c0733068,0x00000000c2800000)
 Metaspace       used 6297K, capacity 6960K, committed 7040K, reserved 1056768K
  class space    used 574K, capacity 616K, committed 640K, reserved 1048576K
Event: 5.475 GC heap after
Heap after GC invocations=4 (full 0):
 PSYoungGen      total 64000K, used 2551K [0x00000000eab00000, 0x00000000eec00000, 0x0000000100000000)
  eden space 61440K, 0% used [0x00000000eab00000,0x00000000eab00000,0x00000000ee700000)
  from space 2560K, 99% used [0x00000000ee980000,0x00000000eebfdce0,0x00000000eec00000)
  to   space 2560K, 0% used [0x00000000ee700000,0x00000000ee700000,0x00000000ee980000)
 ParOldGen       total 40960K, used 12217K [0x00000000c0000000, 0x00000000c2800000, 0x00000000eab00000)
  object space 40960K, 29% used [0x00000000c0000000,0x00000000c0bee518,0x00000000c2800000)
 Metaspace       used 6297K, capacity 6960K, committed 7040K, reserved 1056768K
  class space    used 574K, capacity 616K, committed 640K, reserved 1048576K
}
Event: 6.485 GC heap before
{Heap before GC invocations=5 (full 0):
 PSYoungGen      total 64000K, used 63991K [0x00000000eab00000, 0x00000000eec00000, 0x0000000100000000)
  eden space 61440K, 100% used [0x00000000eab00000,0x00000000ee700000,0x00000000ee700000)
  from space 2560K, 99% used [0x00000000ee980000,0x00000000eebfdce0,0x00000000eec00000)
  to   space 2560K, 0% used [0x00000000ee700000,0x00000000ee700000,0x00000000ee980000)
 ParOldGen       total 40960K, used 12217K [0x00000000c0000000, 0x00000000c2800000, 0x00000000eab00000)
  object space 40960K, 29% used [0x00000000c0000000,0x00000000c0bee518,0x00000000c2800000)
 Metaspace       used 6351K, capacity 7024K, committed 7296K, reserved 1056768K
  class space    used 575K, capacity 616K, committed 640K, reserved 1048576K
Event: 6.656 GC heap after
Heap after GC invocations=5 (full 0):
 PSYoungGen      total 64000K, used 2532K [0x00000000eab00000, 0x00000000f3d00000, 0x0000000100000000)
  eden space 61440K, 0% used [0x00000000eab00000,0x00000000eab00000,0x00000000ee700000)
  from space 2560K, 98% used [0x00000000ee700000,0x00000000ee9793e0,0x00000000ee980000)
  to   space 13312K, 0% used [0x00000000f3000000,0x00000000f3000000,0x00000000f3d00000)
 ParOldGen       total 40960K, used 21996K [0x00000000c0000000, 0x00000000c2800000, 0x00000000eab00000)
  object space 40960K, 53% used [0x00000000c0000000,0x00000000c157b380,0x00000000c2800000)
 Metaspace       used 6351K, capacity 7024K, committed 7296K, reserved 1056768K
  class space    used 575K, capacity 616K, committed 640K, reserved 1048576K
}
Event: 8.207 GC heap before
{Heap before GC invocations=6 (full 0):
 PSYoungGen      total 64000K, used 63972K [0x00000000eab00000, 0x00000000f3d00000, 0x0000000100000000)
  eden space 61440K, 100% used [0x00000000eab00000,0x00000000ee700000,0x00000000ee700000)
  from space 2560K, 98% used [0x00000000ee700000,0x00000000ee9793e0,0x00000000ee980000)
  to   space 13312K, 0% used [0x00000000f3000000,0x00000000f3000000,0x00000000f3d00000)
 ParOldGen       total 40960K, used 21996K [0x00000000c0000000, 0x00000000c2800000, 0x00000000eab00000)
  object space 40960K, 53% used [0x00000000c0000000,0x00000000c157b380,0x00000000c2800000)
 Metaspace       used 6577K, capacity 7088K, committed 7296K, reserved 1056768K
  class space    used 593K, capacity 616K, committed 640K, reserved 1048576K
Event: 8.325 GC heap after
Heap after GC invocations=6 (full 0):
 PSYoungGen      total 135168K, used 10601K [0x00000000eab00000, 0x00000000f3f00000, 0x0000000100000000)
  eden space 121856K, 0% used [0x00000000eab00000,0x00000000eab00000,0x00000000f2200000)
  from space 13312K, 79% used [0x00000000f3000000,0x00000000f3a5a4b8,0x00000000f3d00000)
  to   space 14336K, 0% used [0x00000000f2200000,0x00000000f2200000,0x00000000f3000000)
 ParOldGen       total 40960K, used 21996K [0x00000000c0000000, 0x00000000c2800000, 0x00000000eab00000)
  object space 40960K, 53% used [0x00000000c0000000,0x00000000c157b380,0x00000000c2800000)
 Metaspace       used 6577K, capacity 7088K, committed 7296K, reserved 1056768K
  class space    used 593K, capacity 616K, committed 640K, reserved 1048576K
}
Event: 12.869 GC heap before
{Heap before GC invocations=7 (full 0):
 PSYoungGen      total 135168K, used 132457K [0x00000000eab00000, 0x00000000f3f00000, 0x0000000100000000)
  eden space 121856K, 100% used [0x00000000eab00000,0x00000000f2200000,0x00000000f2200000)
  from space 13312K, 79% used [0x00000000f3000000,0x00000000f3a5a4b8,0x00000000f3d00000)
  to   space 14336K, 0% used [0x00000000f2200000,0x00000000f2200000,0x00000000f3000000)
 ParOldGen       total 40960K, used 21996K [0x00000000c0000000, 0x00000000c2800000, 0x00000000eab00000)
  object space 40960K, 53% used [0x00000000c0000000,0x00000000c157b380,0x00000000c2800000)
 Metaspace       used 6688K, capacity 7152K, committed 7296K, reserved 1056768K
  class space    used 594K, capacity 616K, committed 640K, reserved 1048576K

Deoptimization events (10 events):
Event: 7.951 Thread 0x00007f45f4009800 Uncommon trap: reason=bimorphic action=maybe_recompile pc=0x00007f45e55bf960 method=com.android.dx.cf.code.BytecodeArray.parseInstruction(ILcom/android/dx/cf/code/BytecodeArray$Visitor;)I @ 971
Event: 7.951 Thread 0x00007f45f4009800 Uncommon trap: reason=bimorphic action=maybe_recompile pc=0x00007f45e55bf8dc method=com.android.dx.cf.code.BytecodeArray.parseInstruction(ILcom/android/dx/cf/code/BytecodeArray$Visitor;)I @ 955
Event: 10.204 Thread 0x00007f45f4151000 Uncommon trap: reason=unstable_if action=reinterpret pc=0x00007f45e55dfb5c method=java.util.HashMap.putVal(ILjava/lang/Object;Ljava/lang/Object;ZZ)Ljava/lang/Object; @ 109
Event: 10.204 Thread 0x00007f45f4150000 Uncommon trap: reason=unstable_if action=reinterpret pc=0x00007f45e54610ac method=java.util.HashMap.getNode(ILjava/lang/Object;)Ljava/util/HashMap$Node; @ 84
Event: 10.680 Thread 0x00007f45f4150000 Uncommon trap: reason=unstable_if action=reinterpret pc=0x00007f45e5302288 method=com.android.dx.dex.code.OutputFinisher.hasLocalInfo(Lcom/android/dx/dex/code/DalvInsn;)Z @ 24
Event: 10.956 Thread 0x00007f45f4152800 Uncommon trap: reason=unstable_if action=reinterpret pc=0x00007f45e560ce2c method=com.android.dx.ssa.SCCP.simulateBranch(Lcom/android/dx/ssa/SsaInsn;)V @ 548
Event: 11.329 Thread 0x00007f45f4151000 Uncommon trap: reason=class_check action=maybe_recompile pc=0x00007f45e568d6ec method=com.android.dx.rop.code.RegisterSpec.withSimpleType()Lcom/android/dx/rop/code/RegisterSpec; @ 21
Event: 11.428 Thread 0x00007f45f4151000 Uncommon trap: reason=class_check action=maybe_recompile pc=0x00007f45e568d6ec method=com.android.dx.rop.code.RegisterSpec.withSimpleType()Lcom/android/dx/rop/code/RegisterSpec; @ 21
Event: 11.457 Thread 0x00007f45f4151000 Uncommon trap: reason=class_check action=maybe_recompile pc=0x00007f45e568d6ec method=com.android.dx.rop.code.RegisterSpec.withSimpleType()Lcom/android/dx/rop/code/RegisterSpec; @ 21
Event: 11.469 Thread 0x00007f45f4151000 Uncommon trap: reason=class_check action=maybe_recompile pc=0x00007f45e568d6ec method=com.android.dx.rop.code.RegisterSpec.withSimpleType()Lcom/android/dx/rop/code/RegisterSpec; @ 21

Internal exceptions (5 events):
Event: 0.120 Thread 0x00007f45f4009800 Exception <a 'java/lang/NoSuchMethodError': Method sun.misc.Unsafe.defineClass(Ljava/lang/String;[BII)Ljava/lang/Class; name or signature does not match> (0x00000000eab07cc0) thrown at [/builddir/build/BUILD/java-1.8.0-openjdk-1.8.0.92-4.b14.fc23.x86_64/o
Event: 0.120 Thread 0x00007f45f4009800 Exception <a 'java/lang/NoSuchMethodError': Method sun.misc.Unsafe.prefetchRead(Ljava/lang/Object;J)V name or signature does not match> (0x00000000eab07fa8) thrown at [/builddir/build/BUILD/java-1.8.0-openjdk-1.8.0.92-4.b14.fc23.x86_64/openjdk/hotspot/src
Event: 6.763 Thread 0x00007f45f4009800 Exception <a 'java/lang/ArrayIndexOutOfBoundsException': 18> (0x00000000eb654538) thrown at [/builddir/build/BUILD/java-1.8.0-openjdk-1.8.0.92-4.b14.fc23.x86_64/openjdk/hotspot/src/share/vm/interpreter/interpreterRuntime.cpp, line 369]
Event: 6.764 Thread 0x00007f45f4009800 Exception <a 'java/lang/ArrayIndexOutOfBoundsException': 145> (0x00000000eb6560b8) thrown at [/builddir/build/BUILD/java-1.8.0-openjdk-1.8.0.92-4.b14.fc23.x86_64/openjdk/hotspot/src/share/vm/interpreter/interpreterRuntime.cpp, line 369]
Event: 6.767 Thread 0x00007f45f4009800 Exception <a 'java/lang/ArrayIndexOutOfBoundsException': 40> (0x00000000eb6573a0) thrown at [/builddir/build/BUILD/java-1.8.0-openjdk-1.8.0.92-4.b14.fc23.x86_64/openjdk/hotspot/src/share/vm/interpreter/interpreterRuntime.cpp, line 369]

Events (10 events):
Event: 12.421 Thread 0x00007f45f4150000 DEOPT UNPACKING pc=0x00007f45e5047373 sp=0x00007f45d6fed500 mode 0
Event: 12.422 Thread 0x00007f45f4150000 DEOPT PACKING pc=0x00007f45e52da4ed sp=0x00007f45d6feddc0
Event: 12.422 Thread 0x00007f45f4150000 DEOPT UNPACKING pc=0x00007f45e5047373 sp=0x00007f45d6fedb48 mode 0
Event: 12.423 Thread 0x00007f45f4150000 DEOPT PACKING pc=0x00007f45e529cce8 sp=0x00007f45d6fed710
Event: 12.423 Thread 0x00007f45f4150000 DEOPT UNPACKING pc=0x00007f45e5047373 sp=0x00007f45d6fed450 mode 0
Event: 12.434 Thread 0x00007f45f4150000 DEOPT PACKING pc=0x00007f45e52da4ed sp=0x00007f45d6feddc0
Event: 12.434 Thread 0x00007f45f4150000 DEOPT UNPACKING pc=0x00007f45e5047373 sp=0x00007f45d6fedb48 mode 0
Event: 12.763 Thread 0x00007f45f4150000 DEOPT PACKING pc=0x00007f45e52ce24d sp=0x00007f45d6fedbd0
Event: 12.763 Thread 0x00007f45f4150000 DEOPT UNPACKING pc=0x00007f45e5047373 sp=0x00007f45d6fed960 mode 0
Event: 12.868 Executing VM operation: ParallelGCFailedAllocation


Dynamic libraries:
c0000000-c2800000 rw-p 00000000 00:00 0 
c2800000-eab00000 ---p 00000000 00:00 0 
eab00000-f3f00000 rw-p 00000000 00:00 0 
fc600000-100000000 ---p 00000000 00:00 0 
100000000-1000a0000 rw-p 00000000 00:00 0 
1000a0000-140000000 ---p 00000000 00:00 0 
558bcc336000-558bcc337000 r-xp 00000000 fd:00 3156369                    /usr/lib/jvm/java-1.8.0-openjdk-1.8.0.92-4.b14.fc23.x86_64/bin/java
558bcc536000-558bcc537000 r--p 00000000 fd:00 3156369                    /usr/lib/jvm/java-1.8.0-openjdk-1.8.0.92-4.b14.fc23.x86_64/bin/java
558bcc537000-558bcc538000 rw-p 00001000 fd:00 3156369                    /usr/lib/jvm/java-1.8.0-openjdk-1.8.0.92-4.b14.fc23.x86_64/bin/java
558bcc7f9000-558bcc81a000 rw-p 00000000 00:00 0                          [heap]
7f4590000000-7f4590021000 rw-p 00000000 00:00 0 
7f4590021000-7f4594000000 ---p 00000000 00:00 0 
7f4594000000-7f4594021000 rw-p 00000000 00:00 0 
7f4594021000-7f4598000000 ---p 00000000 00:00 0 
7f4598000000-7f4598021000 rw-p 00000000 00:00 0 
7f4598021000-7f459c000000 ---p 00000000 00:00 0 
7f459c000000-7f459c02f000 rw-p 00000000 00:00 0 
7f459c02f000-7f45a0000000 ---p 00000000 00:00 0 
7f45a0000000-7f45a0021000 rw-p 00000000 00:00 0 
7f45a0021000-7f45a4000000 ---p 00000000 00:00 0 
7f45a4000000-7f45a4036000 rw-p 00000000 00:00 0 
7f45a4036000-7f45a8000000 ---p 00000000 00:00 0 
7f45a8000000-7f45a8b12000 rw-p 00000000 00:00 0 
7f45a8b12000-7f45ac000000 ---p 00000000 00:00 0 
7f45ac000000-7f45ac021000 rw-p 00000000 00:00 0 
7f45ac021000-7f45b0000000 ---p 00000000 00:00 0 
7f45b0000000-7f45b0820000 rw-p 00000000 00:00 0 
7f45b0820000-7f45b4000000 ---p 00000000 00:00 0 
7f45b4000000-7f45b50ca000 rw-p 00000000 00:00 0 
7f45b50ca000-7f45b8000000 ---p 00000000 00:00 0 
7f45b8000000-7f45b8021000 rw-p 00000000 00:00 0 
7f45b8021000-7f45bc000000 ---p 00000000 00:00 0 
7f45bd53c000-7f45c4000000 r--p 00000000 fd:00 2884627                    /usr/lib/locale/locale-archive
7f45c4000000-7f45c4021000 rw-p 00000000 00:00 0 
7f45c4021000-7f45c8000000 ---p 00000000 00:00 0 
7f45c8000000-7f45c8021000 rw-p 00000000 00:00 0 
7f45c8021000-7f45cc000000 ---p 00000000 00:00 0 
7f45cc000000-7f45cc021000 rw-p 00000000 00:00 0 
7f45cc021000-7f45d0000000 ---p 00000000 00:00 0 
7f45d0000000-7f45d0021000 rw-p 00000000 00:00 0 
7f45d0021000-7f45d4000000 ---p 00000000 00:00 0 
7f45d6b5a000-7f45d6ced000 rw-p 00000000 00:00 0 
7f45d6ced000-7f45d6cf0000 ---p 00000000 00:00 0 
7f45d6cf0000-7f45d6dee000 rw-p 00000000 00:00 0 
7f45d6dee000-7f45d6df1000 ---p 00000000 00:00 0 
7f45d6df1000-7f45d6eef000 rw-p 00000000 00:00 0 
7f45d6eef000-7f45d6ef2000 ---p 00000000 00:00 0 
7f45d6ef2000-7f45d6ff0000 rw-p 00000000 00:00 0 
7f45d6ff0000-7f45d6ff3000 ---p 00000000 00:00 0 
7f45d6ff3000-7f45d70f1000 rw-p 00000000 00:00 0 
7f45d70f1000-7f45d70f4000 ---p 00000000 00:00 0 
7f45d70f4000-7f45d71f2000 rw-p 00000000 00:00 0 
7f45d71f2000-7f45d71f3000 ---p 00000000 00:00 0 
7f45d71f3000-7f45d72f3000 rw-p 00000000 00:00 0 
7f45d72f3000-7f45d72f6000 ---p 00000000 00:00 0 
7f45d72f6000-7f45d73f4000 rw-p 00000000 00:00 0 
7f45d73f4000-7f45d73f7000 ---p 00000000 00:00 0 
7f45d73f7000-7f45d74f5000 rw-p 00000000 00:00 0 
7f45d74f5000-7f45d74f8000 ---p 00000000 00:00 0 
7f45d74f8000-7f45d75f6000 rw-p 00000000 00:00 0 
7f45d75f6000-7f45d75f9000 ---p 00000000 00:00 0 
7f45d75f9000-7f45d76f7000 rw-p 00000000 00:00 0 
7f45d76f7000-7f45d76fa000 ---p 00000000 00:00 0 
7f45d76fa000-7f45d77f8000 rw-p 00000000 00:00 0 
7f45d77f8000-7f45d77fb000 ---p 00000000 00:00 0 
7f45d77fb000-7f45d78f9000 rw-p 00000000 00:00 0 
7f45d78f9000-7f45d78fc000 ---p 00000000 00:00 0 
7f45d78fc000-7f45d79fa000 rw-p 00000000 00:00 0 
7f45d79fa000-7f45d79fb000 ---p 00000000 00:00 0 
7f45d79fb000-7f45d8000000 rw-p 00000000 00:00 0 
7f45d8000000-7f45d8021000 rw-p 00000000 00:00 0 
7f45d8021000-7f45dc000000 ---p 00000000 00:00 0 
7f45dc000000-7f45dc021000 rw-p 00000000 00:00 0 
7f45dc021000-7f45e0000000 ---p 00000000 00:00 0 
7f45e0000000-7f45e0021000 rw-p 00000000 00:00 0 
7f45e0021000-7f45e4000000 ---p 00000000 00:00 0 
7f45e40ea000-7f45e40f9000 r--s 000df000 fd:02 3803634                    /home/flogog/Android/Sdk/build-tools/23.0.3/lib/dx.jar
7f45e40f9000-7f45e4e80000 rw-p 00000000 00:00 0 
7f45e4e80000-7f45e5000000 ---p 00000000 00:00 0 
7f45e5000000-7f45e56c0000 rwxp 00000000 00:00 0 
7f45e56c0000-7f45f4000000 ---p 00000000 00:00 0 
7f45f4000000-7f45f41a0000 rw-p 00000000 00:00 0 
7f45f41a0000-7f45f8000000 ---p 00000000 00:00 0 
7f45f800d000-7f45f83b5000 rw-p 00000000 00:00 0 
7f45f83b5000-7f45f8582000 r--s 043c4000 fd:00 2892592                    /usr/lib/jvm/java-1.8.0-openjdk-1.8.0.92-4.b14.fc23.x86_64/jre/lib/rt.jar
7f45f8582000-7f45fa7f8000 rw-p 00000000 00:00 0 
7f45fa7f8000-7f45fa7f9000 ---p 00000000 00:00 0 
7f45fa7f9000-7f45fa8f9000 rw-p 00000000 00:00 0 
7f45fa8f9000-7f45fa8fa000 ---p 00000000 00:00 0 
7f45fa8fa000-7f45fa9fa000 rw-p 00000000 00:00 0 
7f45fa9fa000-7f45fa9fb000 ---p 00000000 00:00 0 
7f45fa9fb000-7f45faafb000 rw-p 00000000 00:00 0 
7f45faafb000-7f45faafc000 ---p 00000000 00:00 0 
7f45faafc000-7f45fac10000 rw-p 00000000 00:00 0 
7f45fac10000-7f45fad52000 ---p 00000000 00:00 0 
7f45fad52000-7f45fad66000 rw-p 00000000 00:00 0 
7f45fad66000-7f45faea7000 ---p 00000000 00:00 0 
7f45faea7000-7f45faef2000 rw-p 00000000 00:00 0 
7f45faef2000-7f45faf52000 ---p 00000000 00:00 0 
7f45faf52000-7f45faf6e000 rw-p 00000000 00:00 0 
7f45faf6e000-7f45fb313000 ---p 00000000 00:00 0 
7f45fb313000-7f45fb31b000 r-xp 00000000 fd:00 2892528                    /usr/lib/jvm/java-1.8.0-openjdk-1.8.0.92-4.b14.fc23.x86_64/jre/lib/amd64/libzip.so
7f45fb31b000-7f45fb51a000 ---p 00008000 fd:00 2892528                    /usr/lib/jvm/java-1.8.0-openjdk-1.8.0.92-4.b14.fc23.x86_64/jre/lib/amd64/libzip.so
7f45fb51a000-7f45fb51b000 r--p 00007000 fd:00 2892528                    /usr/lib/jvm/java-1.8.0-openjdk-1.8.0.92-4.b14.fc23.x86_64/jre/lib/amd64/libzip.so
7f45fb51b000-7f45fb51c000 rw-p 00000000 00:00 0 
7f45fb51c000-7f45fb527000 r-xp 00000000 fd:00 2888987                    /usr/lib64/libnss_files-2.22.so
7f45fb527000-7f45fb726000 ---p 0000b000 fd:00 2888987                    /usr/lib64/libnss_files-2.22.so
7f45fb726000-7f45fb727000 r--p 0000a000 fd:00 2888987                    /usr/lib64/libnss_files-2.22.so
7f45fb727000-7f45fb728000 rw-p 0000b000 fd:00 2888987                    /usr/lib64/libnss_files-2.22.so
7f45fb728000-7f45fb72e000 rw-p 00000000 00:00 0 
7f45fb72e000-7f45fb75b000 r-xp 00000000 fd:00 2892494                    /usr/lib/jvm/java-1.8.0-openjdk-1.8.0.92-4.b14.fc23.x86_64/jre/lib/amd64/libjava.so
7f45fb75b000-7f45fb95b000 ---p 0002d000 fd:00 2892494                    /usr/lib/jvm/java-1.8.0-openjdk-1.8.0.92-4.b14.fc23.x86_64/jre/lib/amd64/libjava.so
7f45fb95b000-7f45fb95c000 r--p 0002d000 fd:00 2892494                    /usr/lib/jvm/java-1.8.0-openjdk-1.8.0.92-4.b14.fc23.x86_64/jre/lib/amd64/libjava.so
7f45fb95c000-7f45fb95d000 rw-p 0002e000 fd:00 2892494                    /usr/lib/jvm/java-1.8.0-openjdk-1.8.0.92-4.b14.fc23.x86_64/jre/lib/amd64/libjava.so
7f45fb95d000-7f45fb95e000 rw-p 00000000 00:00 0 
7f45fb95e000-7f45fb96b000 r-xp 00000000 fd:00 2892527                    /usr/lib/jvm/java-1.8.0-openjdk-1.8.0.92-4.b14.fc23.x86_64/jre/lib/amd64/libverify.so
7f45fb96b000-7f45fbb6a000 ---p 0000d000 fd:00 2892527                    /usr/lib/jvm/java-1.8.0-openjdk-1.8.0.92-4.b14.fc23.x86_64/jre/lib/amd64/libverify.so
7f45fbb6a000-7f45fbb6c000 r--p 0000c000 fd:00 2892527                    /usr/lib/jvm/java-1.8.0-openjdk-1.8.0.92-4.b14.fc23.x86_64/jre/lib/amd64/libverify.so
7f45fbb6c000-7f45fbb6d000 rw-p 00000000 00:00 0 
7f45fbb6d000-7f45fbb74000 r-xp 00000000 fd:00 2889268                    /usr/lib64/librt-2.22.so
7f45fbb74000-7f45fbd73000 ---p 00007000 fd:00 2889268                    /usr/lib64/librt-2.22.so
7f45fbd73000-7f45fbd74000 r--p 00006000 fd:00 2889268                    /usr/lib64/librt-2.22.so
7f45fbd74000-7f45fbd75000 rw-p 00007000 fd:00 2889268                    /usr/lib64/librt-2.22.so
7f45fbd75000-7f45fbd8b000 r-xp 00000000 fd:00 2891036                    /usr/lib64/libgcc_s-5.3.1-20160406.so.1
7f45fbd8b000-7f45fbf8a000 ---p 00016000 fd:00 2891036                    /usr/lib64/libgcc_s-5.3.1-20160406.so.1
7f45fbf8a000-7f45fbf8b000 r--p 00015000 fd:00 2891036                    /usr/lib64/libgcc_s-5.3.1-20160406.so.1
7f45fbf8b000-7f45fbf8c000 rw-p 00016000 fd:00 2891036                    /usr/lib64/libgcc_s-5.3.1-20160406.so.1
7f45fbf8c000-7f45fc08d000 r-xp 00000000 fd:00 2887745                    /usr/lib64/libm-2.22.so
7f45fc08d000-7f45fc28c000 ---p 00101000 fd:00 2887745                    /usr/lib64/libm-2.22.so
7f45fc28c000-7f45fc28d000 r--p 00100000 fd:00 2887745                    /usr/lib64/libm-2.22.so
7f45fc28d000-7f45fc28e000 rw-p 00101000 fd:00 2887745                    /usr/lib64/libm-2.22.so
7f45fc28e000-7f45fc400000 r-xp 00000000 fd:00 2886511                    /usr/lib64/libstdc++.so.6.0.21
7f45fc400000-7f45fc600000 ---p 00172000 fd:00 2886511                    /usr/lib64/libstdc++.so.6.0.21
7f45fc600000-7f45fc60a000 r--p 00172000 fd:00 2886511                    /usr/lib64/libstdc++.so.6.0.21
7f45fc60a000-7f45fc60c000 rw-p 0017c000 fd:00 2886511                    /usr/lib64/libstdc++.so.6.0.21
7f45fc60c000-7f45fc610000 rw-p 00000000 00:00 0 
7f45fc610000-7f45fd25b000 r-xp 00000000 fd:00 2892532                    /usr/lib/jvm/java-1.8.0-openjdk-1.8.0.92-4.b14.fc23.x86_64/jre/lib/amd64/server/libjvm.so
7f45fd25b000-7f45fd45b000 ---p 00c4b000 fd:00 2892532                    /usr/lib/jvm/java-1.8.0-openjdk-1.8.0.92-4.b14.fc23.x86_64/jre/lib/amd64/server/libjvm.so
7f45fd45b000-7f45fd4ef000 r--p 00c4b000 fd:00 2892532                    /usr/lib/jvm/java-1.8.0-openjdk-1.8.0.92-4.b14.fc23.x86_64/jre/lib/amd64/server/libjvm.so
7f45fd4ef000-7f45fd517000 rw-p 00cdf000 fd:00 2892532                    /usr/lib/jvm/java-1.8.0-openjdk-1.8.0.92-4.b14.fc23.x86_64/jre/lib/amd64/server/libjvm.so
7f45fd517000-7f45fd547000 rw-p 00000000 00:00 0 
7f45fd547000-7f45fd6fe000 r-xp 00000000 fd:00 2885141                    /usr/lib64/libc-2.22.so
7f45fd6fe000-7f45fd8fe000 ---p 001b7000 fd:00 2885141                    /usr/lib64/libc-2.22.so
7f45fd8fe000-7f45fd902000 r--p 001b7000 fd:00 2885141                    /usr/lib64/libc-2.22.so
7f45fd902000-7f45fd904000 rw-p 001bb000 fd:00 2885141                    /usr/lib64/libc-2.22.so
7f45fd904000-7f45fd908000 rw-p 00000000 00:00 0 
7f45fd908000-7f45fd90b000 r-xp 00000000 fd:00 2887737                    /usr/lib64/libdl-2.22.so
7f45fd90b000-7f45fdb0a000 ---p 00003000 fd:00 2887737                    /usr/lib64/libdl-2.22.so
7f45fdb0a000-7f45fdb0b000 r--p 00002000 fd:00 2887737                    /usr/lib64/libdl-2.22.so
7f45fdb0b000-7f45fdb0c000 rw-p 00003000 fd:00 2887737                    /usr/lib64/libdl-2.22.so
7f45fdb0c000-7f45fdb19000 r-xp 00000000 fd:00 3156564                    /usr/lib/jvm/java-1.8.0-openjdk-1.8.0.92-4.b14.fc23.x86_64/lib/amd64/jli/libjli.so
7f45fdb19000-7f45fdd19000 ---p 0000d000 fd:00 3156564                    /usr/lib/jvm/java-1.8.0-openjdk-1.8.0.92-4.b14.fc23.x86_64/lib/amd64/jli/libjli.so
7f45fdd19000-7f45fdd1a000 r--p 0000d000 fd:00 3156564                    /usr/lib/jvm/java-1.8.0-openjdk-1.8.0.92-4.b14.fc23.x86_64/lib/amd64/jli/libjli.so
7f45fdd1a000-7f45fdd1b000 rw-p 00000000 00:00 0 
7f45fdd1b000-7f45fdd30000 r-xp 00000000 fd:00 2892788                    /usr/lib64/libz.so.1.2.8
7f45fdd30000-7f45fdf2f000 ---p 00015000 fd:00 2892788                    /usr/lib64/libz.so.1.2.8
7f45fdf2f000-7f45fdf30000 r--p 00014000 fd:00 2892788                    /usr/lib64/libz.so.1.2.8
7f45fdf30000-7f45fdf31000 rw-p 00015000 fd:00 2892788                    /usr/lib64/libz.so.1.2.8
7f45fdf31000-7f45fdf49000 r-xp 00000000 fd:00 2888998                    /usr/lib64/libpthread-2.22.so
7f45fdf49000-7f45fe148000 ---p 00018000 fd:00 2888998                    /usr/lib64/libpthread-2.22.so
7f45fe148000-7f45fe14a000 r--p 00017000 fd:00 2888998                    /usr/lib64/libpthread-2.22.so
7f45fe14a000-7f45fe14b000 rw-p 00019000 fd:00 2888998                    /usr/lib64/libpthread-2.22.so
7f45fe14b000-7f45fe14f000 rw-p 00000000 00:00 0 
7f45fe14f000-7f45fe170000 r-xp 00000000 fd:00 2884620                    /usr/lib64/ld-2.22.so
7f45fe178000-7f45fe248000 rw-p 00000000 00:00 0 
7f45fe248000-7f45fe24b000 ---p 00000000 00:00 0 
7f45fe24b000-7f45fe34e000 rw-p 00000000 00:00 0 
7f45fe34f000-7f45fe364000 rw-p 00000000 00:00 0 
7f45fe364000-7f45fe36c000 rw-s 00000000 00:26 1194993                    /tmp/hsperfdata_flogog/22860
7f45fe36c000-7f45fe36d000 rw-p 00000000 00:00 0 
7f45fe36d000-7f45fe36e000 ---p 00000000 00:00 0 
7f45fe36e000-7f45fe36f000 rw-p 00000000 00:00 0 
7f45fe36f000-7f45fe370000 r--p 00020000 fd:00 2884620                    /usr/lib64/ld-2.22.so
7f45fe370000-7f45fe371000 rw-p 00021000 fd:00 2884620                    /usr/lib64/ld-2.22.so
7f45fe371000-7f45fe372000 rw-p 00000000 00:00 0 
7fff34c8b000-7fff34cad000 rw-p 00000000 00:00 0                          [stack]
7fff34cc9000-7fff34ccc000 r--p 00000000 00:00 0                          [vvar]
7fff34ccc000-7fff34cce000 r-xp 00000000 00:00 0                          [vdso]
ffffffffff600000-ffffffffff601000 r-xp 00000000 00:00 0                  [vsyscall]

VM Arguments:
jvm_args: -Djava.awt.headless=true -Xmx1024M -Dfile.encoding=UTF-8 -Duser.country=US -Duser.language=en -Duser.variant 
java_command: com.android.dx.command.Main --dex --force-jumbo --num-threads=4 --multi-dex --output /home/flogog/AndroidStudioProjects/Mascotas/app/build/intermediates/transforms/dex/debug/folders/1000/10/com.android.support-appcompat-v7-23.4.0_3bd3b5eef4949392f34c051e1309b850a696b9f4 /home/flogog/AndroidStudioProjects/Mascotas/app/build/intermediates/exploded-aar/com.android.support/appcompat-v7/23.4.0/jars/classes.jar
java_class_path (initial): /home/flogog/Android/Sdk/build-tools/23.0.3/lib/dx.jar
Launcher Type: SUN_STANDARD

Environment Variables:
PATH=/usr/lib64/qt-3.3/bin:/usr/local/bin:/usr/local/sbin:/usr/bin:/usr/sbin:/home/flogog/.local/bin:/home/flogog/bin
USERNAME=flogog
LD_LIBRARY_PATH=./Downloads/android-studio/bin:
SHELL=/bin/bash
DISPLAY=:0

Signal Handlers:
SIGSEGV: [libjvm.so+0xa607c0], sa_mask[0]=11111111011111111101111111111110, sa_flags=SA_RESTART|SA_SIGINFO
SIGBUS: [libjvm.so+0xa607c0], sa_mask[0]=11111111011111111101111111111110, sa_flags=SA_RESTART|SA_SIGINFO
SIGFPE: [libjvm.so+0x8abe70], sa_mask[0]=11111111011111111101111111111110, sa_flags=SA_RESTART|SA_SIGINFO
SIGPIPE: [libjvm.so+0x8abe70], sa_mask[0]=11111111011111111101111111111110, sa_flags=SA_RESTART|SA_SIGINFO
SIGXFSZ: [libjvm.so+0x8abe70], sa_mask[0]=11111111011111111101111111111110, sa_flags=SA_RESTART|SA_SIGINFO
SIGILL: [libjvm.so+0x8abe70], sa_mask[0]=11111111011111111101111111111110, sa_flags=SA_RESTART|SA_SIGINFO
SIGUSR1: SIG_DFL, sa_mask[0]=00000000000000000000000000000000, sa_flags=none
SIGUSR2: [libjvm.so+0x8abd20], sa_mask[0]=00100000000000000000000000000000, sa_flags=SA_RESTART|SA_SIGINFO
SIGHUP: [libjvm.so+0x8ac1f0], sa_mask[0]=11111111011111111101111111111110, sa_flags=SA_RESTART|SA_SIGINFO
SIGINT: [libjvm.so+0x8ac1f0], sa_mask[0]=11111111011111111101111111111110, sa_flags=SA_RESTART|SA_SIGINFO
SIGTERM: [libjvm.so+0x8ac1f0], sa_mask[0]=11111111011111111101111111111110, sa_flags=SA_RESTART|SA_SIGINFO
SIGQUIT: [libjvm.so+0x8ac1f0], sa_mask[0]=11111111011111111101111111111110, sa_flags=SA_RESTART|SA_SIGINFO


---------------  S Y S T E M  ---------------

OS:Fedora release 23 (Twenty Three)

uname:Linux 4.5.7-202.fc23.x86_64 #1 SMP Tue Jun 28 18:22:51 UTC 2016 x86_64
libc:glibc 2.22 NPTL 2.22 
rlimit: STACK 8192k, CORE 0k, NPROC 14563, NOFILE 4096, AS infinity
load average:14.00 5.34 3.20

/proc/meminfo:
MemTotal:        3930060 kB
MemFree:           85712 kB
MemAvailable:       3904 kB
Buffers:             588 kB
Cached:           529484 kB
SwapCached:          404 kB
Active:          2825216 kB
Inactive:         724120 kB
Active(anon):    2816124 kB
Inactive(anon):   714948 kB
Active(file):       9092 kB
Inactive(file):     9172 kB
Unevictable:         484 kB
Mlocked:             484 kB
SwapTotal:       3932156 kB
SwapFree:              0 kB
Dirty:                 0 kB
Writeback:             0 kB
AnonPages:       3021300 kB
Mapped:           153504 kB
Shmem:            510768 kB
Slab:             126760 kB
SReclaimable:      54716 kB
SUnreclaim:        72044 kB
KernelStack:       16592 kB
PageTables:        83232 kB
NFS_Unstable:          0 kB
Bounce:                0 kB
WritebackTmp:          0 kB
CommitLimit:     5897184 kB
Committed_AS:   15623424 kB
VmallocTotal:   34359738367 kB
VmallocUsed:           0 kB
VmallocChunk:          0 kB
HardwareCorrupted:     0 kB
AnonHugePages:         0 kB
CmaTotal:              0 kB
CmaFree:               0 kB
HugePages_Total:       0
HugePages_Free:        0
HugePages_Rsvd:        0
HugePages_Surp:        0
Hugepagesize:       2048 kB
DirectMap4k:      231520 kB
DirectMap2M:     3846144 kB


CPU:total 4 (2 cores per cpu, 2 threads per core) family 6 model 58 stepping 9, cmov, cx8, fxsr, mmx, sse, sse2, sse3, ssse3, sse4.1, sse4.2, popcnt, avx, aes, clmul, erms, ht, tsc, tscinvbit, tscinv

/proc/cpuinfo:
processor	: 0
vendor_id	: GenuineIntel
cpu family	: 6
model		: 58
model name	: Intel(R) Core(TM) i7-3517U CPU @ 1.90GHz
stepping	: 9
microcode	: 0x1c
cpu MHz		: 2799.937
cache size	: 4096 KB
physical id	: 0
siblings	: 4
core id		: 0
cpu cores	: 2
apicid		: 0
initial apicid	: 0
fpu		: yes
fpu_exception	: yes
cpuid level	: 13
wp		: yes
flags		: fpu vme de pse tsc msr pae mce cx8 apic sep mtrr pge mca cmov pat pse36 clflush dts acpi mmx fxsr sse sse2 ss ht tm pbe syscall nx rdtscp lm constant_tsc arch_perfmon pebs bts rep_good nopl xtopology nonstop_tsc aperfmperf eagerfpu pni pclmulqdq dtes64 monitor ds_cpl vmx est tm2 ssse3 cx16 xtpr pdcm pcid sse4_1 sse4_2 x2apic popcnt tsc_deadline_timer aes xsave avx f16c rdrand lahf_lm epb tpr_shadow vnmi flexpriority ept vpid fsgsbase smep erms xsaveopt dtherm ida arat pln pts
bugs		:
bogomips	: 4788.75
clflush size	: 64
cache_alignment	: 64
address sizes	: 36 bits physical, 48 bits virtual
power management:

processor	: 1
vendor_id	: GenuineIntel
cpu family	: 6
model		: 58
model name	: Intel(R) Core(TM) i7-3517U CPU @ 1.90GHz
stepping	: 9
microcode	: 0x1c
cpu MHz		: 2799.937
cache size	: 4096 KB
physical id	: 0
siblings	: 4
core id		: 1
cpu cores	: 2
apicid		: 2
initial apicid	: 2
fpu		: yes
fpu_exception	: yes
cpuid level	: 13
wp		: yes
flags		: fpu vme de pse tsc msr pae mce cx8 apic sep mtrr pge mca cmov pat pse36 clflush dts acpi mmx fxsr sse sse2 ss ht tm pbe syscall nx rdtscp lm constant_tsc arch_perfmon pebs bts rep_good nopl xtopology nonstop_tsc aperfmperf eagerfpu pni pclmulqdq dtes64 monitor ds_cpl vmx est tm2 ssse3 cx16 xtpr pdcm pcid sse4_1 sse4_2 x2apic popcnt tsc_deadline_timer aes xsave avx f16c rdrand lahf_lm epb tpr_shadow vnmi flexpriority ept vpid fsgsbase smep erms xsaveopt dtherm ida arat pln pts
bugs		:
bogomips	: 4788.75
clflush size	: 64
cache_alignment	: 64
address sizes	: 36 bits physical, 48 bits virtual
power management:

processor	: 2
vendor_id	: GenuineIntel
cpu family	: 6
model		: 58
model name	: Intel(R) Core(TM) i7-3517U CPU @ 1.90GHz
stepping	: 9
microcode	: 0x1c
cpu MHz		: 2799.937
cache size	: 4096 KB
physical id	: 0
siblings	: 4
core id		: 0
cpu cores	: 2
apicid		: 1
initial apicid	: 1
fpu		: yes
fpu_exception	: yes
cpuid level	: 13
wp		: yes
flags		: fpu vme de pse tsc msr pae mce cx8 apic sep mtrr pge mca cmov pat pse36 clflush dts acpi mmx fxsr sse sse2 ss ht tm pbe syscall nx rdtscp lm constant_tsc arch_perfmon pebs bts rep_good nopl xtopology nonstop_tsc aperfmperf eagerfpu pni pclmulqdq dtes64 monitor ds_cpl vmx est tm2 ssse3 cx16 xtpr pdcm pcid sse4_1 sse4_2 x2apic popcnt tsc_deadline_timer aes xsave avx f16c rdrand lahf_lm epb tpr_shadow vnmi flexpriority ept vpid fsgsbase smep erms xsaveopt dtherm ida arat pln pts
bugs		:
bogomips	: 4788.75
clflush size	: 64
cache_alignment	: 64
address sizes	: 36 bits physical, 48 bits virtual
power management:

processor	: 3
vendor_id	: GenuineIntel
cpu family	: 6
model		: 58
model name	: Intel(R) Core(TM) i7-3517U CPU @ 1.90GHz
stepping	: 9
microcode	: 0x1c
cpu MHz		: 2799.937
cache size	: 4096 KB
physical id	: 0
siblings	: 4
core id		: 1
cpu cores	: 2
apicid		: 3
initial apicid	: 3
fpu		: yes
fpu_exception	: yes
cpuid level	: 13
wp		: yes
flags		: fpu vme de pse tsc msr pae mce cx8 apic sep mtrr pge mca cmov pat pse36 clflush dts acpi mmx fxsr sse sse2 ss ht tm pbe syscall nx rdtscp lm constant_tsc arch_perfmon pebs bts rep_good nopl xtopology nonstop_tsc aperfmperf eagerfpu pni pclmulqdq dtes64 monitor ds_cpl vmx est tm2 ssse3 cx16 xtpr pdcm pcid sse4_1 sse4_2 x2apic popcnt tsc_deadline_timer aes xsave avx f16c rdrand lahf_lm epb tpr_shadow vnmi flexpriority ept vpid fsgsbase smep erms xsaveopt dtherm ida arat pln pts
bugs		:
bogomips	: 4788.75
clflush size	: 64
cache_alignment	: 64
address sizes	: 36 bits physical, 48 bits virtual
power management:



Memory: 4k page, physical 3930060k(85804k free), swap 3932156k(0k free)

vm_info: OpenJDK 64-Bit Server VM (25.92-b14) for linux-amd64 JRE (1.8.0_92-b14), built on Jun 23 2016 15:44:02 by "mockbuild" with gcc 5.3.1 20160406 (Red Hat 5.3.1-6)

time: Sun Jul 10 16:59:34 2016
elapsed time: 13 seconds (0d 0h 0m 13s)

