#
# There is insufficient memory for the Java Runtime Environment to continue.
# Native memory allocation (mmap) failed to map 72351744 bytes for committing reserved memory.
# Possible reasons:
#   The system is out of physical RAM or swap space
#   In 32 bit mode, the process size limit was hit
# Possible solutions:
#   Reduce memory load on the system
#   Increase physical memory or swap space
#   Check if swap backing store is full
#   Use 64 bit Java on a 64 bit OS
#   Decrease Java heap size (-Xmx/-Xms)
#   Decrease number of Java threads
#   Decrease Java thread stack sizes (-Xss)
#   Set larger code cache with -XX:ReservedCodeCacheSize=
# This output file may be truncated or incomplete.
#
#  Out of Memory Error (os_linux.cpp:2638), pid=13923, tid=0x00007f68763f3700
#
# JRE version: OpenJDK Runtime Environment (8.0_92-b14) (build 1.8.0_92-b14)
# Java VM: OpenJDK 64-Bit Server VM (25.92-b14 mixed mode linux-amd64 compressed oops)
# Failed to write core dump. Core dumps have been disabled. To enable core dumping, try "ulimit -c unlimited" before starting Java again
#

---------------  T H R E A D  ---------------

Current thread (0x00007f6888085000):  VMThread [stack: 0x00007f68762f3000,0x00007f68763f4000] [id=13932]

Stack: [0x00007f68762f3000,0x00007f68763f4000],  sp=0x00007f68763f24c0,  free space=1021k
Native frames: (J=compiled Java code, j=interpreted, Vv=VM code, C=native code)
V  [libjvm.so+0xa5fc6b]
V  [libjvm.so+0x4c3f5c]
V  [libjvm.so+0x8b0850]
V  [libjvm.so+0x8aacce]
V  [libjvm.so+0x924cfb]
V  [libjvm.so+0x926033]
V  [libjvm.so+0x92270b]
V  [libjvm.so+0x9229bc]
V  [libjvm.so+0x8d4e43]
V  [libjvm.so+0xa61912]
V  [libjvm.so+0xa66997]
V  [libjvm.so+0xa64167]
V  [libjvm.so+0xa655ef]
V  [libjvm.so+0xa65ae1]
V  [libjvm.so+0x8add32]

VM_Operation (0x00007f6890b6f6f0): ParallelGCFailedAllocation, mode: safepoint, requested by thread 0x00007f6888009800


---------------  P R O C E S S  ---------------

Java Threads: ( => current thread )
  0x00007f688814b800 JavaThread "pool-2-thread-4" [_thread_blocked, id=13956, stack(0x00007f68755e6000,0x00007f68756e7000)]
  0x00007f688814a000 JavaThread "pool-2-thread-3" [_thread_blocked, id=13955, stack(0x00007f68756e7000,0x00007f68757e8000)]
  0x00007f6888145800 JavaThread "pool-2-thread-2" [_thread_blocked, id=13946, stack(0x00007f68757e8000,0x00007f68758e9000)]
  0x00007f6888144800 JavaThread "pool-3-thread-1" [_thread_blocked, id=13945, stack(0x00007f68758e9000,0x00007f68759ea000)]
  0x00007f6888142000 JavaThread "pool-2-thread-1" [_thread_blocked, id=13942, stack(0x00007f68759ea000,0x00007f6875aeb000)]
  0x00007f68880d1000 JavaThread "Service Thread" daemon [_thread_blocked, id=13939, stack(0x00007f6875bec000,0x00007f6875ced000)]
  0x00007f68880ce800 JavaThread "C1 CompilerThread2" daemon [_thread_blocked, id=13938, stack(0x00007f6875ced000,0x00007f6875dee000)]
  0x00007f68880cc800 JavaThread "C2 CompilerThread1" daemon [_thread_blocked, id=13937, stack(0x00007f6875dee000,0x00007f6875eef000)]
  0x00007f68880bf000 JavaThread "C2 CompilerThread0" daemon [_thread_blocked, id=13936, stack(0x00007f6875eef000,0x00007f6875ff0000)]
  0x00007f68880bd000 JavaThread "Signal Dispatcher" daemon [_thread_blocked, id=13935, stack(0x00007f6875ff0000,0x00007f68760f1000)]
  0x00007f6888093000 JavaThread "Finalizer" daemon [_thread_blocked, id=13934, stack(0x00007f68760f1000,0x00007f68761f2000)]
  0x00007f688808e800 JavaThread "Reference Handler" daemon [_thread_blocked, id=13933, stack(0x00007f68761f2000,0x00007f68762f3000)]
  0x00007f6888009800 JavaThread "main" [_thread_blocked, id=13925, stack(0x00007f6890a71000,0x00007f6890b72000)]

Other Threads:
=>0x00007f6888085000 VMThread [stack: 0x00007f68762f3000,0x00007f68763f4000] [id=13932]
  0x00007f68880d3800 WatcherThread [stack: 0x00007f6875aeb000,0x00007f6875bec000] [id=13940]

VM state:at safepoint (normal execution)

VM Mutex/Monitor currently owned by a thread:  ([mutex/lock_event])
[0x00007f6888006a90] Threads_lock - owner thread: 0x00007f6888085000
[0x00007f6888006f90] Heap_lock - owner thread: 0x00007f6888009800

Heap:
 PSYoungGen      total 69632K, used 9214K [0x00000000eab00000, 0x00000000ef900000, 0x0000000100000000)
  eden space 60416K, 0% used [0x00000000eab00000,0x00000000eab00000,0x00000000ee600000)
  from space 9216K, 99% used [0x00000000ee600000,0x00000000eeeff8c0,0x00000000eef00000)
  to   space 8192K, 0% used [0x00000000eef00000,0x00000000eef00000,0x00000000ef700000)
 ParOldGen       total 40960K, used 19557K [0x00000000c0000000, 0x00000000c2800000, 0x00000000eab00000)
  object space 40960K, 47% used [0x00000000c0000000,0x00000000c1319788,0x00000000c2800000)
 Metaspace       used 6389K, capacity 7024K, committed 7296K, reserved 1056768K
  class space    used 571K, capacity 616K, committed 640K, reserved 1048576K

Card table byte_map: [0x00007f688d57b000,0x00007f688d77c000] byte_map_base: 0x00007f688cf7b000

Marking Bits: (ParMarkBitMap*) 0x00007f688fd540e0
 Begin Bits: [0x00007f6877000000, 0x00007f6878000000)
 End Bits:   [0x00007f6878000000, 0x00007f6879000000)

Polling page: 0x00007f6890b96000

CodeCache: size=245760Kb used=5311Kb max_used=5311Kb free=240448Kb
 bounds [0x00007f6879000000, 0x00007f6879540000, 0x00007f6888000000]
 total_blobs=1741 nmethods=1475 adapters=181
 compilation: enabled

Compilation events (10 events):
Event: 5.668 Thread 0x00007f68880ce800 nmethod 1691 0x00007f6879529050 code [0x00007f6879529240, 0x00007f68795298d8]
Event: 5.668 Thread 0x00007f68880ce800 1692       2       com.android.dx.dex.file.ClassDefItem::addDirectMethod (9 bytes)
Event: 5.679 Thread 0x00007f68880ce800 nmethod 1692 0x00007f6879529f10 code [0x00007f687952a0a0, 0x00007f687952a3d8]
Event: 5.679 Thread 0x00007f68880ce800 1693       2       com.android.dx.dex.file.ClassDataItem::addDirectMethod (24 bytes)
Event: 5.680 Thread 0x00007f68880ce800 nmethod 1693 0x00007f687952a690 code [0x00007f687952a820, 0x00007f687952ab78]
Event: 5.680 Thread 0x00007f68880ce800 1695       2       com.android.dx.cf.code.Frame::initializeWithParameters (49 bytes)
Event: 5.683 Thread 0x00007f68880ce800 nmethod 1695 0x00007f687952ae10 code [0x00007f687952afa0, 0x00007f687952b248]
Event: 5.683 Thread 0x00007f68880ce800 1694       2       com.android.dx.cf.code.Ropper::addSetupBlocks (535 bytes)
Event: 5.765 Thread 0x00007f68880ce800 nmethod 1694 0x00007f687952b490 code [0x00007f687952bb40, 0x00007f687952e758]
Event: 5.767 Thread 0x00007f68880ce800 1696       2       com.android.dx.ssa.SsaConverter::needsNewSuccessor (53 bytes)

GC Heap History (10 events):
Event: 1.900 GC heap after
Heap after GC invocations=2 (full 0):
 PSYoungGen      total 17920K, used 2554K [0x00000000eab00000, 0x00000000ece00000, 0x0000000100000000)
  eden space 15360K, 0% used [0x00000000eab00000,0x00000000eab00000,0x00000000eba00000)
  from space 2560K, 99% used [0x00000000ebc80000,0x00000000ebefea80,0x00000000ebf00000)
  to   space 2560K, 0% used [0x00000000eba00000,0x00000000eba00000,0x00000000ebc80000)
 ParOldGen       total 40960K, used 1260K [0x00000000c0000000, 0x00000000c2800000, 0x00000000eab00000)
  object space 40960K, 3% used [0x00000000c0000000,0x00000000c013b1e0,0x00000000c2800000)
 Metaspace       used 6059K, capacity 6768K, committed 7040K, reserved 1056768K
  class space    used 570K, capacity 616K, committed 640K, reserved 1048576K
}
Event: 2.579 GC heap before
{Heap before GC invocations=3 (full 0):
 PSYoungGen      total 17920K, used 17914K [0x00000000eab00000, 0x00000000ece00000, 0x0000000100000000)
  eden space 15360K, 100% used [0x00000000eab00000,0x00000000eba00000,0x00000000eba00000)
  from space 2560K, 99% used [0x00000000ebc80000,0x00000000ebefea80,0x00000000ebf00000)
  to   space 2560K, 0% used [0x00000000eba00000,0x00000000eba00000,0x00000000ebc80000)
 ParOldGen       total 40960K, used 1260K [0x00000000c0000000, 0x00000000c2800000, 0x00000000eab00000)
  object space 40960K, 3% used [0x00000000c0000000,0x00000000c013b1e0,0x00000000c2800000)
 Metaspace       used 6190K, capacity 6832K, committed 7040K, reserved 1056768K
  class space    used 570K, capacity 616K, committed 640K, reserved 1048576K
Event: 2.603 GC heap after
Heap after GC invocations=3 (full 0):
 PSYoungGen      total 17920K, used 2551K [0x00000000eab00000, 0x00000000ece00000, 0x0000000100000000)
  eden space 15360K, 0% used [0x00000000eab00000,0x00000000eab00000,0x00000000eba00000)
  from space 2560K, 99% used [0x00000000eba00000,0x00000000ebc7dc70,0x00000000ebc80000)
  to   space 2560K, 0% used [0x00000000ecb80000,0x00000000ecb80000,0x00000000ece00000)
 ParOldGen       total 40960K, used 3844K [0x00000000c0000000, 0x00000000c2800000, 0x00000000eab00000)
  object space 40960K, 9% used [0x00000000c0000000,0x00000000c03c1318,0x00000000c2800000)
 Metaspace       used 6190K, capacity 6832K, committed 7040K, reserved 1056768K
  class space    used 570K, capacity 616K, committed 640K, reserved 1048576K
}
Event: 3.090 GC heap before
{Heap before GC invocations=4 (full 0):
 PSYoungGen      total 17920K, used 17911K [0x00000000eab00000, 0x00000000ece00000, 0x0000000100000000)
  eden space 15360K, 100% used [0x00000000eab00000,0x00000000eba00000,0x00000000eba00000)
  from space 2560K, 99% used [0x00000000eba00000,0x00000000ebc7dc70,0x00000000ebc80000)
  to   space 2560K, 0% used [0x00000000ecb80000,0x00000000ecb80000,0x00000000ece00000)
 ParOldGen       total 40960K, used 3844K [0x00000000c0000000, 0x00000000c2800000, 0x00000000eab00000)
  object space 40960K, 9% used [0x00000000c0000000,0x00000000c03c1318,0x00000000c2800000)
 Metaspace       used 6220K, capacity 6896K, committed 7040K, reserved 1056768K
  class space    used 570K, capacity 616K, committed 640K, reserved 1048576K
Event: 3.133 GC heap after
Heap after GC invocations=4 (full 0):
 PSYoungGen      total 33280K, used 2544K [0x00000000eab00000, 0x00000000ece00000, 0x0000000100000000)
  eden space 30720K, 0% used [0x00000000eab00000,0x00000000eab00000,0x00000000ec900000)
  from space 2560K, 99% used [0x00000000ecb80000,0x00000000ecdfc010,0x00000000ece00000)
  to   space 2560K, 0% used [0x00000000ec900000,0x00000000ec900000,0x00000000ecb80000)
 ParOldGen       total 40960K, used 6568K [0x00000000c0000000, 0x00000000c2800000, 0x00000000eab00000)
  object space 40960K, 16% used [0x00000000c0000000,0x00000000c066a318,0x00000000c2800000)
 Metaspace       used 6220K, capacity 6896K, committed 7040K, reserved 1056768K
  class space    used 570K, capacity 616K, committed 640K, reserved 1048576K
}
Event: 3.839 GC heap before
{Heap before GC invocations=5 (full 0):
 PSYoungGen      total 33280K, used 33264K [0x00000000eab00000, 0x00000000ece00000, 0x0000000100000000)
  eden space 30720K, 100% used [0x00000000eab00000,0x00000000ec900000,0x00000000ec900000)
  from space 2560K, 99% used [0x00000000ecb80000,0x00000000ecdfc010,0x00000000ece00000)
  to   space 2560K, 0% used [0x00000000ec900000,0x00000000ec900000,0x00000000ecb80000)
 ParOldGen       total 40960K, used 6568K [0x00000000c0000000, 0x00000000c2800000, 0x00000000eab00000)
  object space 40960K, 16% used [0x00000000c0000000,0x00000000c066a318,0x00000000c2800000)
 Metaspace       used 6239K, capacity 6896K, committed 7040K, reserved 1056768K
  class space    used 570K, capacity 616K, committed 640K, reserved 1048576K
Event: 3.895 GC heap after
Heap after GC invocations=5 (full 0):
 PSYoungGen      total 33280K, used 2528K [0x00000000eab00000, 0x00000000ef700000, 0x0000000100000000)
  eden space 30720K, 0% used [0x00000000eab00000,0x00000000eab00000,0x00000000ec900000)
  from space 2560K, 98% used [0x00000000ec900000,0x00000000ecb78020,0x00000000ecb80000)
  to   space 8192K, 0% used [0x00000000eef00000,0x00000000eef00000,0x00000000ef700000)
 ParOldGen       total 40960K, used 11236K [0x00000000c0000000, 0x00000000c2800000, 0x00000000eab00000)
  object space 40960K, 27% used [0x00000000c0000000,0x00000000c0af9018,0x00000000c2800000)
 Metaspace       used 6239K, capacity 6896K, committed 7040K, reserved 1056768K
  class space    used 570K, capacity 616K, committed 640K, reserved 1048576K
}
Event: 4.638 GC heap before
{Heap before GC invocations=6 (full 0):
 PSYoungGen      total 33280K, used 33248K [0x00000000eab00000, 0x00000000ef700000, 0x0000000100000000)
  eden space 30720K, 100% used [0x00000000eab00000,0x00000000ec900000,0x00000000ec900000)
  from space 2560K, 98% used [0x00000000ec900000,0x00000000ecb78020,0x00000000ecb80000)
  to   space 8192K, 0% used [0x00000000eef00000,0x00000000eef00000,0x00000000ef700000)
 ParOldGen       total 40960K, used 11236K [0x00000000c0000000, 0x00000000c2800000, 0x00000000eab00000)
  object space 40960K, 27% used [0x00000000c0000000,0x00000000c0af9018,0x00000000c2800000)
 Metaspace       used 6276K, capacity 6960K, committed 7040K, reserved 1056768K
  class space    used 571K, capacity 616K, committed 640K, reserved 1048576K
Event: 4.700 GC heap after
Heap after GC invocations=6 (full 0):
 PSYoungGen      total 68608K, used 7312K [0x00000000eab00000, 0x00000000ef900000, 0x0000000100000000)
  eden space 60416K, 0% used [0x00000000eab00000,0x00000000eab00000,0x00000000ee600000)
  from space 8192K, 89% used [0x00000000eef00000,0x00000000ef624010,0x00000000ef700000)
  to   space 9216K, 0% used [0x00000000ee600000,0x00000000ee600000,0x00000000eef00000)
 ParOldGen       total 40960K, used 11244K [0x00000000c0000000, 0x00000000c2800000, 0x00000000eab00000)
  object space 40960K, 27% used [0x00000000c0000000,0x00000000c0afb018,0x00000000c2800000)
 Metaspace       used 6276K, capacity 6960K, committed 7040K, reserved 1056768K
  class space    used 571K, capacity 616K, committed 640K, reserved 1048576K
}
Event: 5.802 GC heap before
{Heap before GC invocations=7 (full 0):
 PSYoungGen      total 68608K, used 67728K [0x00000000eab00000, 0x00000000ef900000, 0x0000000100000000)
  eden space 60416K, 100% used [0x00000000eab00000,0x00000000ee600000,0x00000000ee600000)
  from space 8192K, 89% used [0x00000000eef00000,0x00000000ef624010,0x00000000ef700000)
  to   space 9216K, 0% used [0x00000000ee600000,0x00000000ee600000,0x00000000eef00000)
 ParOldGen       total 40960K, used 11244K [0x00000000c0000000, 0x00000000c2800000, 0x00000000eab00000)
  object space 40960K, 27% used [0x00000000c0000000,0x00000000c0afb018,0x00000000c2800000)
 Metaspace       used 6389K, capacity 7024K, committed 7296K, reserved 1056768K
  class space    used 571K, capacity 616K, committed 640K, reserved 1048576K

Deoptimization events (10 events):
Event: 2.402 Thread 0x00007f6888009800 Uncommon trap: reason=unstable_if action=reinterpret pc=0x00007f687920eac8 method=java.util.HashMap.getNode(ILjava/lang/Object;)Ljava/util/HashMap$Node; @ 84
Event: 2.402 Thread 0x00007f6888009800 Uncommon trap: reason=unstable_if action=reinterpret pc=0x00007f687920da70 method=java.util.HashMap.getNode(ILjava/lang/Object;)Ljava/util/HashMap$Node; @ 84
Event: 2.921 Thread 0x00007f688814b800 Uncommon trap: reason=unstable_if action=reinterpret pc=0x00007f68793466fc method=com.android.dx.ssa.SsaMethod.updateOneDefinition(Lcom/android/dx/ssa/SsaInsn;Lcom/android/dx/rop/code/RegisterSpec;)V @ 4
Event: 3.463 Thread 0x00007f6888009800 Uncommon trap: reason=unstable_if action=reinterpret pc=0x00007f6879250f34 method=java.lang.String.<init>([CII)V @ 18
Event: 3.483 Thread 0x00007f6888009800 Uncommon trap: reason=unstable_if action=reinterpret pc=0x00007f68791e2114 method=java.lang.String.<init>([CII)V @ 18
Event: 4.091 Thread 0x00007f688814b800 Uncommon trap: reason=unstable_if action=reinterpret pc=0x00007f68792f7c10 method=com.android.dx.ssa.SsaMethod.deleteInsns(Ljava/util/Set;)V @ 130
Event: 5.275 Thread 0x00007f6888145800 Uncommon trap: reason=bimorphic action=maybe_recompile pc=0x00007f68794d3bf4 method=com.android.dx.cf.code.BytecodeArray.parseInstruction(ILcom/android/dx/cf/code/BytecodeArray$Visitor;)I @ 2135
Event: 5.275 Thread 0x00007f6888145800 Uncommon trap: reason=bimorphic action=maybe_recompile pc=0x00007f68794d3bf4 method=com.android.dx.cf.code.BytecodeArray.parseInstruction(ILcom/android/dx/cf/code/BytecodeArray$Visitor;)I @ 2135
Event: 5.276 Thread 0x00007f6888145800 Uncommon trap: reason=bimorphic action=maybe_recompile pc=0x00007f68794d3bf4 method=com.android.dx.cf.code.BytecodeArray.parseInstruction(ILcom/android/dx/cf/code/BytecodeArray$Visitor;)I @ 2135
Event: 5.277 Thread 0x00007f6888145800 Uncommon trap: reason=bimorphic action=maybe_recompile pc=0x00007f68794d3bf4 method=com.android.dx.cf.code.BytecodeArray.parseInstruction(ILcom/android/dx/cf/code/BytecodeArray$Visitor;)I @ 2135

Internal exceptions (3 events):
Event: 0.049 Thread 0x00007f6888009800 Exception <a 'java/lang/NoSuchMethodError': Method sun.misc.Unsafe.defineClass(Ljava/lang/String;[BII)Ljava/lang/Class; name or signature does not match> (0x00000000eab07cc0) thrown at [/builddir/build/BUILD/java-1.8.0-openjdk-1.8.0.92-4.b14.fc23.x86_64/o
Event: 0.049 Thread 0x00007f6888009800 Exception <a 'java/lang/NoSuchMethodError': Method sun.misc.Unsafe.prefetchRead(Ljava/lang/Object;J)V name or signature does not match> (0x00000000eab07fa8) thrown at [/builddir/build/BUILD/java-1.8.0-openjdk-1.8.0.92-4.b14.fc23.x86_64/openjdk/hotspot/src
Event: 2.209 Thread 0x00007f6888145800 Implicit null exception at 0x00007f68792504e2 to 0x00007f68792505d3

Events (10 events):
Event: 5.390 Thread 0x00007f6888009800 DEOPT UNPACKING pc=0x00007f6879047373 sp=0x00007f6890b6f620 mode 0
Event: 5.391 Thread 0x00007f6888009800 DEOPT PACKING pc=0x00007f68794235eb sp=0x00007f6890b6f9d0
Event: 5.391 Thread 0x00007f6888009800 DEOPT UNPACKING pc=0x00007f6879047373 sp=0x00007f6890b6f7b8 mode 0
Event: 5.541 Thread 0x00007f6888009800 DEOPT PACKING pc=0x00007f68793bafbc sp=0x00007f6890b6fa10
Event: 5.541 Thread 0x00007f6888009800 DEOPT UNPACKING pc=0x00007f6879047373 sp=0x00007f6890b6f788 mode 0
Event: 5.693 Thread 0x00007f6888145800 DEOPT PACKING pc=0x00007f687933997c sp=0x00007f68758e7090
Event: 5.695 Thread 0x00007f6888145800 DEOPT UNPACKING pc=0x00007f6879047373 sp=0x00007f68758e6dc8 mode 0
Event: 5.774 Thread 0x00007f6888145800 DEOPT PACKING pc=0x00007f68793b822c sp=0x00007f68758e7190
Event: 5.782 Thread 0x00007f6888145800 DEOPT UNPACKING pc=0x00007f6879047373 sp=0x00007f68758e6ea0 mode 0
Event: 5.794 Executing VM operation: ParallelGCFailedAllocation


Dynamic libraries:
c0000000-c2800000 rw-p 00000000 00:00 0 
c2800000-eab00000 ---p 00000000 00:00 0 
eab00000-ef900000 rw-p 00000000 00:00 0 
f3e00000-100000000 ---p 00000000 00:00 0 
100000000-1000a0000 rw-p 00000000 00:00 0 
1000a0000-140000000 ---p 00000000 00:00 0 
564dab690000-564dab691000 r-xp 00000000 fd:00 3156369                    /usr/lib/jvm/java-1.8.0-openjdk-1.8.0.92-4.b14.fc23.x86_64/bin/java
564dab890000-564dab891000 r--p 00000000 fd:00 3156369                    /usr/lib/jvm/java-1.8.0-openjdk-1.8.0.92-4.b14.fc23.x86_64/bin/java
564dab891000-564dab892000 rw-p 00001000 fd:00 3156369                    /usr/lib/jvm/java-1.8.0-openjdk-1.8.0.92-4.b14.fc23.x86_64/bin/java
564dacd2f000-564dacd50000 rw-p 00000000 00:00 0                          [heap]
7f681c000000-7f681c021000 rw-p 00000000 00:00 0 
7f681c021000-7f6820000000 ---p 00000000 00:00 0 
7f6824000000-7f6824021000 rw-p 00000000 00:00 0 
7f6824021000-7f6828000000 ---p 00000000 00:00 0 
7f6828000000-7f6828021000 rw-p 00000000 00:00 0 
7f6828021000-7f682c000000 ---p 00000000 00:00 0 
7f682c000000-7f682c029000 rw-p 00000000 00:00 0 
7f682c029000-7f6830000000 ---p 00000000 00:00 0 
7f6830000000-7f6830021000 rw-p 00000000 00:00 0 
7f6830021000-7f6834000000 ---p 00000000 00:00 0 
7f6834000000-7f6834021000 rw-p 00000000 00:00 0 
7f6834021000-7f6838000000 ---p 00000000 00:00 0 
7f6838000000-7f6838021000 rw-p 00000000 00:00 0 
7f6838021000-7f683c000000 ---p 00000000 00:00 0 
7f683c000000-7f683c6dc000 rw-p 00000000 00:00 0 
7f683c6dc000-7f6840000000 ---p 00000000 00:00 0 
7f6840000000-7f6840916000 rw-p 00000000 00:00 0 
7f6840916000-7f6844000000 ---p 00000000 00:00 0 
7f6844000000-7f6844021000 rw-p 00000000 00:00 0 
7f6844021000-7f6848000000 ---p 00000000 00:00 0 
7f6848000000-7f68488f8000 rw-p 00000000 00:00 0 
7f68488f8000-7f684c000000 ---p 00000000 00:00 0 
7f684c000000-7f684c021000 rw-p 00000000 00:00 0 
7f684c021000-7f6850000000 ---p 00000000 00:00 0 
7f685153c000-7f6858000000 r--p 00000000 fd:00 2884627                    /usr/lib/locale/locale-archive
7f6858000000-7f6858021000 rw-p 00000000 00:00 0 
7f6858021000-7f685c000000 ---p 00000000 00:00 0 
7f685c000000-7f685c021000 rw-p 00000000 00:00 0 
7f685c021000-7f6860000000 ---p 00000000 00:00 0 
7f6860000000-7f6860021000 rw-p 00000000 00:00 0 
7f6860021000-7f6864000000 ---p 00000000 00:00 0 
7f6864000000-7f6864021000 rw-p 00000000 00:00 0 
7f6864021000-7f6868000000 ---p 00000000 00:00 0 
7f6868000000-7f6868021000 rw-p 00000000 00:00 0 
7f6868021000-7f686c000000 ---p 00000000 00:00 0 
7f6870000000-7f6870021000 rw-p 00000000 00:00 0 
7f6870021000-7f6874000000 ---p 00000000 00:00 0 
7f68755e6000-7f68755e9000 ---p 00000000 00:00 0 
7f68755e9000-7f68756e7000 rw-p 00000000 00:00 0 
7f68756e7000-7f68756ea000 ---p 00000000 00:00 0 
7f68756ea000-7f68757e8000 rw-p 00000000 00:00 0 
7f68757e8000-7f68757eb000 ---p 00000000 00:00 0 
7f68757eb000-7f68758e9000 rw-p 00000000 00:00 0 
7f68758e9000-7f68758ec000 ---p 00000000 00:00 0 
7f68758ec000-7f68759ea000 rw-p 00000000 00:00 0 
7f68759ea000-7f68759ed000 ---p 00000000 00:00 0 
7f68759ed000-7f6875aeb000 rw-p 00000000 00:00 0 
7f6875aeb000-7f6875aec000 ---p 00000000 00:00 0 
7f6875aec000-7f6875bec000 rw-p 00000000 00:00 0 
7f6875bec000-7f6875bef000 ---p 00000000 00:00 0 
7f6875bef000-7f6875ced000 rw-p 00000000 00:00 0 
7f6875ced000-7f6875cf0000 ---p 00000000 00:00 0 
7f6875cf0000-7f6875dee000 rw-p 00000000 00:00 0 
7f6875dee000-7f6875df1000 ---p 00000000 00:00 0 
7f6875df1000-7f6875eef000 rw-p 00000000 00:00 0 
7f6875eef000-7f6875ef2000 ---p 00000000 00:00 0 
7f6875ef2000-7f6875ff0000 rw-p 00000000 00:00 0 
7f6875ff0000-7f6875ff3000 ---p 00000000 00:00 0 
7f6875ff3000-7f68760f1000 rw-p 00000000 00:00 0 
7f68760f1000-7f68760f4000 ---p 00000000 00:00 0 
7f68760f4000-7f68761f2000 rw-p 00000000 00:00 0 
7f68761f2000-7f68761f5000 ---p 00000000 00:00 0 
7f68761f5000-7f68762f3000 rw-p 00000000 00:00 0 
7f68762f3000-7f68762f4000 ---p 00000000 00:00 0 
7f68762f4000-7f6879000000 rw-p 00000000 00:00 0 
7f6879000000-7f6879540000 rwxp 00000000 00:00 0 
7f6879540000-7f6888000000 ---p 00000000 00:00 0 
7f6888000000-7f6888187000 rw-p 00000000 00:00 0 
7f6888187000-7f688c000000 ---p 00000000 00:00 0 
7f688c019000-7f688c027000 r--s 0007c000 fd:02 5900252                    /home/flogog/AndroidStudioProjects/Mascotas/app/build/intermediates/exploded-aar/com.google.android.gms/play-services-basement/9.2.1/jars/classes.jar
7f688c027000-7f688c036000 r--s 000df000 fd:02 3803634                    /home/flogog/Android/Sdk/build-tools/23.0.3/lib/dx.jar
7f688c036000-7f688c3de000 rw-p 00000000 00:00 0 
7f688c3de000-7f688c5ab000 r--s 043c4000 fd:00 2892592                    /usr/lib/jvm/java-1.8.0-openjdk-1.8.0.92-4.b14.fc23.x86_64/jre/lib/rt.jar
7f688c5ab000-7f688cca1000 rw-p 00000000 00:00 0 
7f688cca1000-7f688ce21000 ---p 00000000 00:00 0 
7f688ce21000-7f688d021000 rw-p 00000000 00:00 0 
7f688d021000-7f688d022000 ---p 00000000 00:00 0 
7f688d022000-7f688d122000 rw-p 00000000 00:00 0 
7f688d122000-7f688d123000 ---p 00000000 00:00 0 
7f688d123000-7f688d223000 rw-p 00000000 00:00 0 
7f688d223000-7f688d224000 ---p 00000000 00:00 0 
7f688d224000-7f688d324000 rw-p 00000000 00:00 0 
7f688d324000-7f688d325000 ---p 00000000 00:00 0 
7f688d325000-7f688d439000 rw-p 00000000 00:00 0 
7f688d439000-7f688d57b000 ---p 00000000 00:00 0 
7f688d57b000-7f688d58f000 rw-p 00000000 00:00 0 
7f688d58f000-7f688d6d0000 ---p 00000000 00:00 0 
7f688d6d0000-7f688d6f8000 rw-p 00000000 00:00 0 
7f688d6f8000-7f688d77b000 ---p 00000000 00:00 0 
7f688d77b000-7f688d791000 rw-p 00000000 00:00 0 
7f688d791000-7f688db3c000 ---p 00000000 00:00 0 
7f688db3c000-7f688db44000 r-xp 00000000 fd:00 2892528                    /usr/lib/jvm/java-1.8.0-openjdk-1.8.0.92-4.b14.fc23.x86_64/jre/lib/amd64/libzip.so
7f688db44000-7f688dd43000 ---p 00008000 fd:00 2892528                    /usr/lib/jvm/java-1.8.0-openjdk-1.8.0.92-4.b14.fc23.x86_64/jre/lib/amd64/libzip.so
7f688dd43000-7f688dd44000 r--p 00007000 fd:00 2892528                    /usr/lib/jvm/java-1.8.0-openjdk-1.8.0.92-4.b14.fc23.x86_64/jre/lib/amd64/libzip.so
7f688dd44000-7f688dd45000 rw-p 00000000 00:00 0 
7f688dd45000-7f688dd50000 r-xp 00000000 fd:00 2888987                    /usr/lib64/libnss_files-2.22.so
7f688dd50000-7f688df4f000 ---p 0000b000 fd:00 2888987                    /usr/lib64/libnss_files-2.22.so
7f688df4f000-7f688df50000 r--p 0000a000 fd:00 2888987                    /usr/lib64/libnss_files-2.22.so
7f688df50000-7f688df51000 rw-p 0000b000 fd:00 2888987                    /usr/lib64/libnss_files-2.22.so
7f688df51000-7f688df57000 rw-p 00000000 00:00 0 
7f688df57000-7f688df84000 r-xp 00000000 fd:00 2892494                    /usr/lib/jvm/java-1.8.0-openjdk-1.8.0.92-4.b14.fc23.x86_64/jre/lib/amd64/libjava.so
7f688df84000-7f688e184000 ---p 0002d000 fd:00 2892494                    /usr/lib/jvm/java-1.8.0-openjdk-1.8.0.92-4.b14.fc23.x86_64/jre/lib/amd64/libjava.so
7f688e184000-7f688e185000 r--p 0002d000 fd:00 2892494                    /usr/lib/jvm/java-1.8.0-openjdk-1.8.0.92-4.b14.fc23.x86_64/jre/lib/amd64/libjava.so
7f688e185000-7f688e186000 rw-p 0002e000 fd:00 2892494                    /usr/lib/jvm/java-1.8.0-openjdk-1.8.0.92-4.b14.fc23.x86_64/jre/lib/amd64/libjava.so
7f688e186000-7f688e187000 rw-p 00000000 00:00 0 
7f688e187000-7f688e194000 r-xp 00000000 fd:00 2892527                    /usr/lib/jvm/java-1.8.0-openjdk-1.8.0.92-4.b14.fc23.x86_64/jre/lib/amd64/libverify.so
7f688e194000-7f688e393000 ---p 0000d000 fd:00 2892527                    /usr/lib/jvm/java-1.8.0-openjdk-1.8.0.92-4.b14.fc23.x86_64/jre/lib/amd64/libverify.so
7f688e393000-7f688e395000 r--p 0000c000 fd:00 2892527                    /usr/lib/jvm/java-1.8.0-openjdk-1.8.0.92-4.b14.fc23.x86_64/jre/lib/amd64/libverify.so
7f688e395000-7f688e396000 rw-p 00000000 00:00 0 
7f688e396000-7f688e39d000 r-xp 00000000 fd:00 2889268                    /usr/lib64/librt-2.22.so
7f688e39d000-7f688e59c000 ---p 00007000 fd:00 2889268                    /usr/lib64/librt-2.22.so
7f688e59c000-7f688e59d000 r--p 00006000 fd:00 2889268                    /usr/lib64/librt-2.22.so
7f688e59d000-7f688e59e000 rw-p 00007000 fd:00 2889268                    /usr/lib64/librt-2.22.so
7f688e59e000-7f688e5b4000 r-xp 00000000 fd:00 2891036                    /usr/lib64/libgcc_s-5.3.1-20160406.so.1
7f688e5b4000-7f688e7b3000 ---p 00016000 fd:00 2891036                    /usr/lib64/libgcc_s-5.3.1-20160406.so.1
7f688e7b3000-7f688e7b4000 r--p 00015000 fd:00 2891036                    /usr/lib64/libgcc_s-5.3.1-20160406.so.1
7f688e7b4000-7f688e7b5000 rw-p 00016000 fd:00 2891036                    /usr/lib64/libgcc_s-5.3.1-20160406.so.1
7f688e7b5000-7f688e8b6000 r-xp 00000000 fd:00 2887745                    /usr/lib64/libm-2.22.so
7f688e8b6000-7f688eab5000 ---p 00101000 fd:00 2887745                    /usr/lib64/libm-2.22.so
7f688eab5000-7f688eab6000 r--p 00100000 fd:00 2887745                    /usr/lib64/libm-2.22.so
7f688eab6000-7f688eab7000 rw-p 00101000 fd:00 2887745                    /usr/lib64/libm-2.22.so
7f688eab7000-7f688ec29000 r-xp 00000000 fd:00 2886511                    /usr/lib64/libstdc++.so.6.0.21
7f688ec29000-7f688ee29000 ---p 00172000 fd:00 2886511                    /usr/lib64/libstdc++.so.6.0.21
7f688ee29000-7f688ee33000 r--p 00172000 fd:00 2886511                    /usr/lib64/libstdc++.so.6.0.21
7f688ee33000-7f688ee35000 rw-p 0017c000 fd:00 2886511                    /usr/lib64/libstdc++.so.6.0.21
7f688ee35000-7f688ee39000 rw-p 00000000 00:00 0 
7f688ee39000-7f688fa84000 r-xp 00000000 fd:00 2892532                    /usr/lib/jvm/java-1.8.0-openjdk-1.8.0.92-4.b14.fc23.x86_64/jre/lib/amd64/server/libjvm.so
7f688fa84000-7f688fc84000 ---p 00c4b000 fd:00 2892532                    /usr/lib/jvm/java-1.8.0-openjdk-1.8.0.92-4.b14.fc23.x86_64/jre/lib/amd64/server/libjvm.so
7f688fc84000-7f688fd18000 r--p 00c4b000 fd:00 2892532                    /usr/lib/jvm/java-1.8.0-openjdk-1.8.0.92-4.b14.fc23.x86_64/jre/lib/amd64/server/libjvm.so
7f688fd18000-7f688fd40000 rw-p 00cdf000 fd:00 2892532                    /usr/lib/jvm/java-1.8.0-openjdk-1.8.0.92-4.b14.fc23.x86_64/jre/lib/amd64/server/libjvm.so
7f688fd40000-7f688fd70000 rw-p 00000000 00:00 0 
7f688fd70000-7f688ff27000 r-xp 00000000 fd:00 2885141                    /usr/lib64/libc-2.22.so
7f688ff27000-7f6890127000 ---p 001b7000 fd:00 2885141                    /usr/lib64/libc-2.22.so
7f6890127000-7f689012b000 r--p 001b7000 fd:00 2885141                    /usr/lib64/libc-2.22.so
7f689012b000-7f689012d000 rw-p 001bb000 fd:00 2885141                    /usr/lib64/libc-2.22.so
7f689012d000-7f6890131000 rw-p 00000000 00:00 0 
7f6890131000-7f6890134000 r-xp 00000000 fd:00 2887737                    /usr/lib64/libdl-2.22.so
7f6890134000-7f6890333000 ---p 00003000 fd:00 2887737                    /usr/lib64/libdl-2.22.so
7f6890333000-7f6890334000 r--p 00002000 fd:00 2887737                    /usr/lib64/libdl-2.22.so
7f6890334000-7f6890335000 rw-p 00003000 fd:00 2887737                    /usr/lib64/libdl-2.22.so
7f6890335000-7f6890342000 r-xp 00000000 fd:00 3156564                    /usr/lib/jvm/java-1.8.0-openjdk-1.8.0.92-4.b14.fc23.x86_64/lib/amd64/jli/libjli.so
7f6890342000-7f6890542000 ---p 0000d000 fd:00 3156564                    /usr/lib/jvm/java-1.8.0-openjdk-1.8.0.92-4.b14.fc23.x86_64/lib/amd64/jli/libjli.so
7f6890542000-7f6890543000 r--p 0000d000 fd:00 3156564                    /usr/lib/jvm/java-1.8.0-openjdk-1.8.0.92-4.b14.fc23.x86_64/lib/amd64/jli/libjli.so
7f6890543000-7f6890544000 rw-p 00000000 00:00 0 
7f6890544000-7f6890559000 r-xp 00000000 fd:00 2892788                    /usr/lib64/libz.so.1.2.8
7f6890559000-7f6890758000 ---p 00015000 fd:00 2892788                    /usr/lib64/libz.so.1.2.8
7f6890758000-7f6890759000 r--p 00014000 fd:00 2892788                    /usr/lib64/libz.so.1.2.8
7f6890759000-7f689075a000 rw-p 00015000 fd:00 2892788                    /usr/lib64/libz.so.1.2.8
7f689075a000-7f6890772000 r-xp 00000000 fd:00 2888998                    /usr/lib64/libpthread-2.22.so
7f6890772000-7f6890971000 ---p 00018000 fd:00 2888998                    /usr/lib64/libpthread-2.22.so
7f6890971000-7f6890973000 r--p 00017000 fd:00 2888998                    /usr/lib64/libpthread-2.22.so
7f6890973000-7f6890974000 rw-p 00019000 fd:00 2888998                    /usr/lib64/libpthread-2.22.so
7f6890974000-7f6890978000 rw-p 00000000 00:00 0 
7f6890978000-7f6890999000 r-xp 00000000 fd:00 2884620                    /usr/lib64/ld-2.22.so
7f68909a1000-7f6890a71000 rw-p 00000000 00:00 0 
7f6890a71000-7f6890a74000 ---p 00000000 00:00 0 
7f6890a74000-7f6890b77000 rw-p 00000000 00:00 0 
7f6890b78000-7f6890b8d000 rw-p 00000000 00:00 0 
7f6890b8d000-7f6890b95000 rw-s 00000000 00:26 433188                     /tmp/hsperfdata_flogog/13923
7f6890b95000-7f6890b96000 rw-p 00000000 00:00 0 
7f6890b96000-7f6890b97000 ---p 00000000 00:00 0 
7f6890b97000-7f6890b98000 rw-p 00000000 00:00 0 
7f6890b98000-7f6890b99000 r--p 00020000 fd:00 2884620                    /usr/lib64/ld-2.22.so
7f6890b99000-7f6890b9a000 rw-p 00021000 fd:00 2884620                    /usr/lib64/ld-2.22.so
7f6890b9a000-7f6890b9b000 rw-p 00000000 00:00 0 
7fff39613000-7fff39635000 rw-p 00000000 00:00 0                          [stack]
7fff396f8000-7fff396fb000 r--p 00000000 00:00 0                          [vvar]
7fff396fb000-7fff396fd000 r-xp 00000000 00:00 0                          [vdso]
ffffffffff600000-ffffffffff601000 r-xp 00000000 00:00 0                  [vsyscall]

VM Arguments:
jvm_args: -Djava.awt.headless=true -Xmx1024M -Dfile.encoding=UTF-8 -Duser.country=US -Duser.language=en -Duser.variant 
java_command: com.android.dx.command.Main --dex --force-jumbo --num-threads=4 --multi-dex --output /home/flogog/AndroidStudioProjects/Mascotas/app/build/intermediates/transforms/dex/debug/folders/1000/10/com.google.android.gms-play-services-basement-9.2.1_90a0ccd534c3869fe66cbf95fb0e0365c6b920f8 /home/flogog/AndroidStudioProjects/Mascotas/app/build/intermediates/exploded-aar/com.google.android.gms/play-services-basement/9.2.1/jars/classes.jar
java_class_path (initial): /home/flogog/Android/Sdk/build-tools/23.0.3/lib/dx.jar
Launcher Type: SUN_STANDARD

Environment Variables:
PATH=/usr/lib64/qt-3.3/bin:/usr/local/bin:/usr/local/sbin:/usr/bin:/usr/sbin:/home/flogog/.local/bin:/home/flogog/bin
USERNAME=flogog
LD_LIBRARY_PATH=./Downloads/android-studio/bin:
SHELL=/bin/bash
DISPLAY=:0

Signal Handlers:
SIGSEGV: [libjvm.so+0xa607c0], sa_mask[0]=11111111011111111101111111111110, sa_flags=SA_RESTART|SA_SIGINFO
SIGBUS: [libjvm.so+0xa607c0], sa_mask[0]=11111111011111111101111111111110, sa_flags=SA_RESTART|SA_SIGINFO
SIGFPE: [libjvm.so+0x8abe70], sa_mask[0]=11111111011111111101111111111110, sa_flags=SA_RESTART|SA_SIGINFO
SIGPIPE: [libjvm.so+0x8abe70], sa_mask[0]=11111111011111111101111111111110, sa_flags=SA_RESTART|SA_SIGINFO
SIGXFSZ: [libjvm.so+0x8abe70], sa_mask[0]=11111111011111111101111111111110, sa_flags=SA_RESTART|SA_SIGINFO
SIGILL: [libjvm.so+0x8abe70], sa_mask[0]=11111111011111111101111111111110, sa_flags=SA_RESTART|SA_SIGINFO
SIGUSR1: SIG_DFL, sa_mask[0]=00000000000000000000000000000000, sa_flags=none
SIGUSR2: [libjvm.so+0x8abd20], sa_mask[0]=00100000000000000000000000000000, sa_flags=SA_RESTART|SA_SIGINFO
SIGHUP: [libjvm.so+0x8ac1f0], sa_mask[0]=11111111011111111101111111111110, sa_flags=SA_RESTART|SA_SIGINFO
SIGINT: [libjvm.so+0x8ac1f0], sa_mask[0]=11111111011111111101111111111110, sa_flags=SA_RESTART|SA_SIGINFO
SIGTERM: [libjvm.so+0x8ac1f0], sa_mask[0]=11111111011111111101111111111110, sa_flags=SA_RESTART|SA_SIGINFO
SIGQUIT: [libjvm.so+0x8ac1f0], sa_mask[0]=11111111011111111101111111111110, sa_flags=SA_RESTART|SA_SIGINFO


---------------  S Y S T E M  ---------------

OS:Fedora release 23 (Twenty Three)

uname:Linux 4.6.4-201.fc23.x86_64 #1 SMP Tue Jul 12 11:43:59 UTC 2016 x86_64
libc:glibc 2.22 NPTL 2.22 
rlimit: STACK 8192k, CORE 0k, NPROC 14563, NOFILE 4096, AS infinity
load average:18.41 7.66 4.73

/proc/meminfo:
MemTotal:        3930252 kB
MemFree:           86640 kB
MemAvailable:       6056 kB
Buffers:             520 kB
Cached:           356476 kB
SwapCached:        18868 kB
Active:          2832600 kB
Inactive:         726120 kB
Active(anon):    2825212 kB
Inactive(anon):   718876 kB
Active(file):       7388 kB
Inactive(file):     7244 kB
Unevictable:         344 kB
Mlocked:             344 kB
SwapTotal:       3932156 kB
SwapFree:              0 kB
Dirty:                 4 kB
Writeback:            36 kB
AnonPages:       3184240 kB
Mapped:           119536 kB
Shmem:            342152 kB
Slab:             131144 kB
SReclaimable:      60780 kB
SUnreclaim:        70364 kB
KernelStack:       14928 kB
PageTables:        74556 kB
NFS_Unstable:          0 kB
Bounce:                0 kB
WritebackTmp:          0 kB
CommitLimit:     5897280 kB
Committed_AS:   15229248 kB
VmallocTotal:   34359738367 kB
VmallocUsed:           0 kB
VmallocChunk:          0 kB
HardwareCorrupted:     0 kB
AnonHugePages:         0 kB
CmaTotal:              0 kB
CmaFree:               0 kB
HugePages_Total:       0
HugePages_Free:        0
HugePages_Rsvd:        0
HugePages_Surp:        0
Hugepagesize:       2048 kB
DirectMap4k:      256096 kB
DirectMap2M:     3821568 kB


CPU:total 4 (2 cores per cpu, 2 threads per core) family 6 model 58 stepping 9, cmov, cx8, fxsr, mmx, sse, sse2, sse3, ssse3, sse4.1, sse4.2, popcnt, avx, aes, clmul, erms, ht, tsc, tscinvbit, tscinv

/proc/cpuinfo:
processor	: 0
vendor_id	: GenuineIntel
cpu family	: 6
model		: 58
model name	: Intel(R) Core(TM) i7-3517U CPU @ 1.90GHz
stepping	: 9
microcode	: 0x1c
cpu MHz		: 2799.937
cache size	: 4096 KB
physical id	: 0
siblings	: 4
core id		: 0
cpu cores	: 2
apicid		: 0
initial apicid	: 0
fpu		: yes
fpu_exception	: yes
cpuid level	: 13
wp		: yes
flags		: fpu vme de pse tsc msr pae mce cx8 apic sep mtrr pge mca cmov pat pse36 clflush dts acpi mmx fxsr sse sse2 ss ht tm pbe syscall nx rdtscp lm constant_tsc arch_perfmon pebs bts rep_good nopl xtopology nonstop_tsc aperfmperf eagerfpu pni pclmulqdq dtes64 monitor ds_cpl vmx est tm2 ssse3 cx16 xtpr pdcm pcid sse4_1 sse4_2 x2apic popcnt tsc_deadline_timer aes xsave avx f16c rdrand lahf_lm epb tpr_shadow vnmi flexpriority ept vpid fsgsbase smep erms xsaveopt dtherm ida arat pln pts
bugs		:
bogomips	: 4789.13
clflush size	: 64
cache_alignment	: 64
address sizes	: 36 bits physical, 48 bits virtual
power management:

processor	: 1
vendor_id	: GenuineIntel
cpu family	: 6
model		: 58
model name	: Intel(R) Core(TM) i7-3517U CPU @ 1.90GHz
stepping	: 9
microcode	: 0x1c
cpu MHz		: 2799.937
cache size	: 4096 KB
physical id	: 0
siblings	: 4
core id		: 1
cpu cores	: 2
apicid		: 2
initial apicid	: 2
fpu		: yes
fpu_exception	: yes
cpuid level	: 13
wp		: yes
flags		: fpu vme de pse tsc msr pae mce cx8 apic sep mtrr pge mca cmov pat pse36 clflush dts acpi mmx fxsr sse sse2 ss ht tm pbe syscall nx rdtscp lm constant_tsc arch_perfmon pebs bts rep_good nopl xtopology nonstop_tsc aperfmperf eagerfpu pni pclmulqdq dtes64 monitor ds_cpl vmx est tm2 ssse3 cx16 xtpr pdcm pcid sse4_1 sse4_2 x2apic popcnt tsc_deadline_timer aes xsave avx f16c rdrand lahf_lm epb tpr_shadow vnmi flexpriority ept vpid fsgsbase smep erms xsaveopt dtherm ida arat pln pts
bugs		:
bogomips	: 4793.78
clflush size	: 64
cache_alignment	: 64
address sizes	: 36 bits physical, 48 bits virtual
power management:

processor	: 2
vendor_id	: GenuineIntel
cpu family	: 6
model		: 58
model name	: Intel(R) Core(TM) i7-3517U CPU @ 1.90GHz
stepping	: 9
microcode	: 0x1c
cpu MHz		: 2799.937
cache size	: 4096 KB
physical id	: 0
siblings	: 4
core id		: 0
cpu cores	: 2
apicid		: 1
initial apicid	: 1
fpu		: yes
fpu_exception	: yes
cpuid level	: 13
wp		: yes
flags		: fpu vme de pse tsc msr pae mce cx8 apic sep mtrr pge mca cmov pat pse36 clflush dts acpi mmx fxsr sse sse2 ss ht tm pbe syscall nx rdtscp lm constant_tsc arch_perfmon pebs bts rep_good nopl xtopology nonstop_tsc aperfmperf eagerfpu pni pclmulqdq dtes64 monitor ds_cpl vmx est tm2 ssse3 cx16 xtpr pdcm pcid sse4_1 sse4_2 x2apic popcnt tsc_deadline_timer aes xsave avx f16c rdrand lahf_lm epb tpr_shadow vnmi flexpriority ept vpid fsgsbase smep erms xsaveopt dtherm ida arat pln pts
bugs		:
bogomips	: 4797.09
clflush size	: 64
cache_alignment	: 64
address sizes	: 36 bits physical, 48 bits virtual
power management:

processor	: 3
vendor_id	: GenuineIntel
cpu family	: 6
model		: 58
model name	: Intel(R) Core(TM) i7-3517U CPU @ 1.90GHz
stepping	: 9
microcode	: 0x1c
cpu MHz		: 2799.937
cache size	: 4096 KB
physical id	: 0
siblings	: 4
core id		: 1
cpu cores	: 2
apicid		: 3
initial apicid	: 3
fpu		: yes
fpu_exception	: yes
cpuid level	: 13
wp		: yes
flags		: fpu vme de pse tsc msr pae mce cx8 apic sep mtrr pge mca cmov pat pse36 clflush dts acpi mmx fxsr sse sse2 ss ht tm pbe syscall nx rdtscp lm constant_tsc arch_perfmon pebs bts rep_good nopl xtopology nonstop_tsc aperfmperf eagerfpu pni pclmulqdq dtes64 monitor ds_cpl vmx est tm2 ssse3 cx16 xtpr pdcm pcid sse4_1 sse4_2 x2apic popcnt tsc_deadline_timer aes xsave avx f16c rdrand lahf_lm epb tpr_shadow vnmi flexpriority ept vpid fsgsbase smep erms xsaveopt dtherm ida arat pln pts
bugs		:
bogomips	: 4794.51
clflush size	: 64
cache_alignment	: 64
address sizes	: 36 bits physical, 48 bits virtual
power management:



Memory: 4k page, physical 3930252k(86456k free), swap 3932156k(0k free)

vm_info: OpenJDK 64-Bit Server VM (25.92-b14) for linux-amd64 JRE (1.8.0_92-b14), built on Jun 23 2016 15:44:02 by "mockbuild" with gcc 5.3.1 20160406 (Red Hat 5.3.1-6)

time: Sun Jul 31 19:30:33 2016
elapsed time: 15 seconds (0d 0h 0m 15s)

