#
# There is insufficient memory for the Java Runtime Environment to continue.
# Native memory allocation (mmap) failed to map 31457280 bytes for committing reserved memory.
# Possible reasons:
#   The system is out of physical RAM or swap space
#   In 32 bit mode, the process size limit was hit
# Possible solutions:
#   Reduce memory load on the system
#   Increase physical memory or swap space
#   Check if swap backing store is full
#   Use 64 bit Java on a 64 bit OS
#   Decrease Java heap size (-Xmx/-Xms)
#   Decrease number of Java threads
#   Decrease Java thread stack sizes (-Xss)
#   Set larger code cache with -XX:ReservedCodeCacheSize=
# This output file may be truncated or incomplete.
#
#  Out of Memory Error (os_linux.cpp:2638), pid=16717, tid=0x00007f9779592700
#
# JRE version: OpenJDK Runtime Environment (8.0_101-b14) (build 1.8.0_101-b14)
# Java VM: OpenJDK 64-Bit Server VM (25.101-b14 mixed mode linux-amd64 compressed oops)
# Failed to write core dump. Core dumps have been disabled. To enable core dumping, try "ulimit -c unlimited" before starting Java again
#

---------------  T H R E A D  ---------------

Current thread (0x00007f9798085000):  VMThread [stack: 0x00007f9779492000,0x00007f9779593000] [id=16755]

Stack: [0x00007f9779492000,0x00007f9779593000],  sp=0x00007f97795914c0,  free space=1021k
Native frames: (J=compiled Java code, j=interpreted, Vv=VM code, C=native code)
V  [libjvm.so+0xa6086b]
V  [libjvm.so+0x4c43cc]
V  [libjvm.so+0x8b1390]
V  [libjvm.so+0x8ab80e]
V  [libjvm.so+0x92583b]
V  [libjvm.so+0x926b73]
V  [libjvm.so+0x92324b]
V  [libjvm.so+0x9234fc]
V  [libjvm.so+0x8d5983]
V  [libjvm.so+0xa62512]
V  [libjvm.so+0xa67597]
V  [libjvm.so+0xa64d67]
V  [libjvm.so+0xa661ef]
V  [libjvm.so+0xa666e1]
V  [libjvm.so+0x8ae872]

VM_Operation (0x00007f9778a85e60): ParallelGCFailedAllocation, mode: safepoint, requested by thread 0x00007f979818c800


---------------  P R O C E S S  ---------------

Java Threads: ( => current thread )
  0x00007f979819c000 JavaThread "pool-2-thread-4" [_thread_blocked, id=16806, stack(0x00007f9778785000,0x00007f9778886000)]
  0x00007f979818e800 JavaThread "pool-2-thread-3" [_thread_blocked, id=16798, stack(0x00007f9778886000,0x00007f9778987000)]
  0x00007f979818c800 JavaThread "pool-2-thread-2" [_thread_blocked, id=16795, stack(0x00007f9778987000,0x00007f9778a88000)]
  0x00007f979818b800 JavaThread "pool-3-thread-1" [_thread_blocked, id=16794, stack(0x00007f9778a88000,0x00007f9778b89000)]
  0x00007f9798189000 JavaThread "pool-2-thread-1" [_thread_blocked, id=16792, stack(0x00007f9778b89000,0x00007f9778c8a000)]
  0x00007f97980d2800 JavaThread "Service Thread" daemon [_thread_blocked, id=16786, stack(0x00007f9778d8b000,0x00007f9778e8c000)]
  0x00007f97980ce000 JavaThread "C1 CompilerThread2" daemon [_thread_blocked, id=16785, stack(0x00007f9778e8c000,0x00007f9778f8d000)]
  0x00007f97980cc800 JavaThread "C2 CompilerThread1" daemon [_thread_blocked, id=16782, stack(0x00007f9778f8d000,0x00007f977908e000)]
  0x00007f97980bf800 JavaThread "C2 CompilerThread0" daemon [_thread_blocked, id=16777, stack(0x00007f977908e000,0x00007f977918f000)]
  0x00007f97980bd800 JavaThread "Signal Dispatcher" daemon [_thread_blocked, id=16773, stack(0x00007f977918f000,0x00007f9779290000)]
  0x00007f9798093000 JavaThread "Finalizer" daemon [_thread_blocked, id=16760, stack(0x00007f9779290000,0x00007f9779391000)]
  0x00007f979808e800 JavaThread "Reference Handler" daemon [_thread_blocked, id=16756, stack(0x00007f9779391000,0x00007f9779492000)]
  0x00007f9798009800 JavaThread "main" [_thread_blocked, id=16733, stack(0x00007f979fc04000,0x00007f979fd05000)]

Other Threads:
=>0x00007f9798085000 VMThread [stack: 0x00007f9779492000,0x00007f9779593000] [id=16755]
  0x00007f97980d5000 WatcherThread [stack: 0x00007f9778c8a000,0x00007f9778d8b000] [id=16787]

VM state:at safepoint (normal execution)

VM Mutex/Monitor currently owned by a thread:  ([mutex/lock_event])
[0x00007f9798006a50] Threads_lock - owner thread: 0x00007f9798085000
[0x00007f9798006f50] Heap_lock - owner thread: 0x00007f979818c800

Heap:
 PSYoungGen      total 33280K, used 2528K [0x00000000eab00000, 0x00000000ece00000, 0x0000000100000000)
  eden space 30720K, 0% used [0x00000000eab00000,0x00000000eab00000,0x00000000ec900000)
  from space 2560K, 98% used [0x00000000ec900000,0x00000000ecb78028,0x00000000ecb80000)
  to   space 2560K, 0% used [0x00000000ecb80000,0x00000000ecb80000,0x00000000ece00000)
 ParOldGen       total 40960K, used 8855K [0x00000000c0000000, 0x00000000c2800000, 0x00000000eab00000)
  object space 40960K, 21% used [0x00000000c0000000,0x00000000c08a5c08,0x00000000c2800000)
 Metaspace       used 6085K, capacity 6704K, committed 6784K, reserved 1056768K
  class space    used 586K, capacity 616K, committed 640K, reserved 1048576K

Card table byte_map: [0x00007f979c70d000,0x00007f979c90e000] byte_map_base: 0x00007f979c10d000

Marking Bits: (ParMarkBitMap*) 0x00007f979eee6100
 Begin Bits: [0x00007f977a000000, 0x00007f977b000000)
 End Bits:   [0x00007f977b000000, 0x00007f977c000000)

Polling page: 0x00007f979fd29000

CodeCache: size=245760Kb used=2878Kb max_used=2879Kb free=242881Kb
 bounds [0x00007f9789000000, 0x00007f97892e0000, 0x00007f9798000000]
 total_blobs=1005 nmethods=738 adapters=182
 compilation: enabled

Compilation events (10 events):
Event: 53.226 Thread 0x00007f97980cc800 1131       4       com.android.dx.ssa.NormalSsaInsn::accept (25 bytes)
Event: 53.247 Thread 0x00007f97980ce000 1269       2       java.lang.StringBuilder::append (8 bytes)
Event: 53.247 Thread 0x00007f97980ce000 nmethod 1269 0x00007f97892cdc50 code [0x00007f97892cddc0, 0x00007f97892cdfa8]
Event: 53.247 Thread 0x00007f97980ce000 1270       2       java.lang.AbstractStringBuilder::append (29 bytes)
Event: 53.247 Thread 0x00007f97980ce000 nmethod 1270 0x00007f97892cd790 code [0x00007f97892cd900, 0x00007f97892cdae8]
Event: 53.247 Thread 0x00007f97980ce000 1271   !   2       sun.reflect.generics.parser.SignatureParser::current (40 bytes)
Event: 53.247 Thread 0x00007f97980ce000 nmethod 1271 0x00007f97892cd350 code [0x00007f97892cd4c0, 0x00007f97892cd670]
Event: 53.387 Thread 0x00007f97980ce000 1272       2       com.android.dx.ssa.SsaMethod::forEachBlockDepthFirst (194 bytes)
Event: 53.416 Thread 0x00007f97980ce000 nmethod 1272 0x00007f97892c9c50 code [0x00007f97892c9fa0, 0x00007f97892cba28]
Event: 53.454 Thread 0x00007f97980ce000 1274       2       java.util.HashMap::getNode (148 bytes)

GC Heap History (5 events):
Event: 1.715 GC heap before
{Heap before GC invocations=1 (full 0):
 PSYoungGen      total 17920K, used 15360K [0x00000000eab00000, 0x00000000ebf00000, 0x0000000100000000)
  eden space 15360K, 100% used [0x00000000eab00000,0x00000000eba00000,0x00000000eba00000)
  from space 2560K, 0% used [0x00000000ebc80000,0x00000000ebc80000,0x00000000ebf00000)
  to   space 2560K, 0% used [0x00000000eba00000,0x00000000eba00000,0x00000000ebc80000)
 ParOldGen       total 40960K, used 0K [0x00000000c0000000, 0x00000000c2800000, 0x00000000eab00000)
  object space 40960K, 0% used [0x00000000c0000000,0x00000000c0000000,0x00000000c2800000)
 Metaspace       used 5839K, capacity 6576K, committed 6784K, reserved 1056768K
  class space    used 567K, capacity 616K, committed 640K, reserved 1048576K
Event: 1.845 GC heap after
Heap after GC invocations=1 (full 0):
 PSYoungGen      total 17920K, used 2535K [0x00000000eab00000, 0x00000000ece00000, 0x0000000100000000)
  eden space 15360K, 0% used [0x00000000eab00000,0x00000000eab00000,0x00000000eba00000)
  from space 2560K, 99% used [0x00000000eba00000,0x00000000ebc79c68,0x00000000ebc80000)
  to   space 2560K, 0% used [0x00000000ecb80000,0x00000000ecb80000,0x00000000ece00000)
 ParOldGen       total 40960K, used 1411K [0x00000000c0000000, 0x00000000c2800000, 0x00000000eab00000)
  object space 40960K, 3% used [0x00000000c0000000,0x00000000c0160ed0,0x00000000c2800000)
 Metaspace       used 5839K, capacity 6576K, committed 6784K, reserved 1056768K
  class space    used 567K, capacity 616K, committed 640K, reserved 1048576K
}
Event: 31.564 GC heap before
{Heap before GC invocations=2 (full 0):
 PSYoungGen      total 17920K, used 17895K [0x00000000eab00000, 0x00000000ece00000, 0x0000000100000000)
  eden space 15360K, 100% used [0x00000000eab00000,0x00000000eba00000,0x00000000eba00000)
  from space 2560K, 99% used [0x00000000eba00000,0x00000000ebc79c68,0x00000000ebc80000)
  to   space 2560K, 0% used [0x00000000ecb80000,0x00000000ecb80000,0x00000000ece00000)
 ParOldGen       total 40960K, used 1411K [0x00000000c0000000, 0x00000000c2800000, 0x00000000eab00000)
  object space 40960K, 3% used [0x00000000c0000000,0x00000000c0160ed0,0x00000000c2800000)
 Metaspace       used 5982K, capacity 6704K, committed 6784K, reserved 1056768K
  class space    used 567K, capacity 616K, committed 640K, reserved 1048576K
Event: 31.999 GC heap after
Heap after GC invocations=2 (full 0):
 PSYoungGen      total 33280K, used 2528K [0x00000000eab00000, 0x00000000ece00000, 0x0000000100000000)
  eden space 30720K, 0% used [0x00000000eab00000,0x00000000eab00000,0x00000000ec900000)
  from space 2560K, 98% used [0x00000000ecb80000,0x00000000ecdf8048,0x00000000ece00000)
  to   space 2560K, 0% used [0x00000000ec900000,0x00000000ec900000,0x00000000ecb80000)
 ParOldGen       total 40960K, used 3841K [0x00000000c0000000, 0x00000000c2800000, 0x00000000eab00000)
  object space 40960K, 9% used [0x00000000c0000000,0x00000000c03c0638,0x00000000c2800000)
 Metaspace       used 5982K, capacity 6704K, committed 6784K, reserved 1056768K
  class space    used 567K, capacity 616K, committed 640K, reserved 1048576K
}
Event: 53.535 GC heap before
{Heap before GC invocations=3 (full 0):
 PSYoungGen      total 33280K, used 33248K [0x00000000eab00000, 0x00000000ece00000, 0x0000000100000000)
  eden space 30720K, 100% used [0x00000000eab00000,0x00000000ec900000,0x00000000ec900000)
  from space 2560K, 98% used [0x00000000ecb80000,0x00000000ecdf8048,0x00000000ece00000)
  to   space 2560K, 0% used [0x00000000ec900000,0x00000000ec900000,0x00000000ecb80000)
 ParOldGen       total 40960K, used 3841K [0x00000000c0000000, 0x00000000c2800000, 0x00000000eab00000)
  object space 40960K, 9% used [0x00000000c0000000,0x00000000c03c0638,0x00000000c2800000)
 Metaspace       used 6085K, capacity 6704K, committed 6784K, reserved 1056768K
  class space    used 586K, capacity 616K, committed 640K, reserved 1048576K

Deoptimization events (9 events):
Event: 0.443 Thread 0x00007f9798009800 Uncommon trap: reason=unstable_if action=reinterpret pc=0x00007f9789137ac8 method=java.lang.String.indexOf(II)I @ 49
Event: 1.332 Thread 0x00007f9798009800 Uncommon trap: reason=unstable_if action=reinterpret pc=0x00007f97891fb6b8 method=java.util.HashMap.getNode(ILjava/lang/Object;)Ljava/util/HashMap$Node; @ 62
Event: 33.872 Thread 0x00007f9798009800 Uncommon trap: reason=bimorphic action=maybe_recompile pc=0x00007f9789200c88 method=java.util.HashMap.getNode(ILjava/lang/Object;)Ljava/util/HashMap$Node; @ 126
Event: 48.745 Thread 0x00007f979818e800 Uncommon trap: reason=null_check action=make_not_entrant pc=0x00007f97892aaac0 method=com.android.dx.ssa.SsaRenamer.getLocalForNewReg(I)Lcom/android/dx/rop/code/LocalItem; @ 19
Event: 48.763 Thread 0x00007f979818e800 Uncommon trap: reason=null_check action=make_not_entrant pc=0x00007f9789299c30 method=com.android.dx.ssa.SsaRenamer.getLocalForNewReg(I)Lcom/android/dx/rop/code/LocalItem; @ 19
Event: 50.195 Thread 0x00007f979818e800 Uncommon trap: reason=bimorphic action=maybe_recompile pc=0x00007f9789200c88 method=java.util.HashMap.getNode(ILjava/lang/Object;)Ljava/util/HashMap$Node; @ 126
Event: 51.791 Thread 0x00007f9798189000 Uncommon trap: reason=bimorphic action=maybe_recompile pc=0x00007f9789200c88 method=java.util.HashMap.getNode(ILjava/lang/Object;)Ljava/util/HashMap$Node; @ 126
Event: 53.051 Thread 0x00007f9798189000 Uncommon trap: reason=bimorphic action=maybe_recompile pc=0x00007f9789200c88 method=java.util.HashMap.getNode(ILjava/lang/Object;)Ljava/util/HashMap$Node; @ 126
Event: 53.333 Thread 0x00007f979818c800 Uncommon trap: reason=unstable_if action=reinterpret pc=0x00007f9789225dc4 method=java.util.HashMap.getNode(ILjava/lang/Object;)Ljava/util/HashMap$Node; @ 84

Internal exceptions (7 events):
Event: 0.070 Thread 0x00007f9798009800 Exception <a 'java/lang/NoSuchMethodError': Method sun.misc.Unsafe.defineClass(Ljava/lang/String;[BII)Ljava/lang/Class; name or signature does not match> (0x00000000eab07cc0) thrown at [/builddir/build/BUILD/java-1.8.0-openjdk-1.8.0.101-1.b14.fc23.x86_64/
Event: 0.070 Thread 0x00007f9798009800 Exception <a 'java/lang/NoSuchMethodError': Method sun.misc.Unsafe.prefetchRead(Ljava/lang/Object;J)V name or signature does not match> (0x00000000eab07fa8) thrown at [/builddir/build/BUILD/java-1.8.0-openjdk-1.8.0.101-1.b14.fc23.x86_64/openjdk/hotspot/sr
Event: 48.709 Thread 0x00007f979818e800 Implicit null exception at 0x00007f97892a83e1 to 0x00007f97892aaa75
Event: 48.762 Thread 0x00007f979818e800 Implicit null exception at 0x00007f978929726b to 0x00007f9789299c0d
Event: 53.243 Thread 0x00007f979818c800 Exception <a 'java/lang/ArrayIndexOutOfBoundsException': 18> (0x00000000ec6aebb8) thrown at [/builddir/build/BUILD/java-1.8.0-openjdk-1.8.0.101-1.b14.fc23.x86_64/openjdk/hotspot/src/share/vm/interpreter/interpreterRuntime.cpp, line 369]
Event: 53.247 Thread 0x00007f979818c800 Exception <a 'java/lang/ArrayIndexOutOfBoundsException': 145> (0x00000000ec6b0738) thrown at [/builddir/build/BUILD/java-1.8.0-openjdk-1.8.0.101-1.b14.fc23.x86_64/openjdk/hotspot/src/share/vm/interpreter/interpreterRuntime.cpp, line 369]
Event: 53.285 Thread 0x00007f979818c800 Exception <a 'java/lang/ArrayIndexOutOfBoundsException'> (0x00000000ec6b1a20) thrown at [/builddir/build/BUILD/java-1.8.0-openjdk-1.8.0.101-1.b14.fc23.x86_64/openjdk/hotspot/src/share/vm/runtime/sharedRuntime.cpp, line 613]

Events (10 events):
Event: 53.295 loading class java/lang/reflect/TypeVariable
Event: 53.299 loading class java/lang/reflect/TypeVariable done
Event: 53.299 loading class sun/reflect/generics/reflectiveObjects/TypeVariableImpl
Event: 53.309 loading class sun/reflect/generics/reflectiveObjects/LazyReflectiveObjectGenerator
Event: 53.311 loading class sun/reflect/generics/reflectiveObjects/LazyReflectiveObjectGenerator done
Event: 53.311 loading class sun/reflect/generics/reflectiveObjects/TypeVariableImpl done
Event: 53.328 Thread 0x00007f979818c800 Uncommon trap: trap_request=0xffffff65 fr.pc=0x00007f9789225dc4
Event: 53.345 Thread 0x00007f979818c800 DEOPT PACKING pc=0x00007f9789225dc4 sp=0x00007f9778a85e50
Event: 53.349 Thread 0x00007f979818c800 DEOPT UNPACKING pc=0x00007f9789004f69 sp=0x00007f9778a85df8 mode 2
Event: 53.469 Executing VM operation: ParallelGCFailedAllocation


Dynamic libraries:
c0000000-c2800000 rw-p 00000000 00:00 0 
c2800000-eab00000 ---p 00000000 00:00 0 
eab00000-ece00000 rw-p 00000000 00:00 0 
eec00000-100000000 ---p 00000000 00:00 0 
100000000-1000a0000 rw-p 00000000 00:00 0 
1000a0000-140000000 ---p 00000000 00:00 0 
56504c3d2000-56504c3d3000 r-xp 00000000 fd:00 680227                     /usr/lib/jvm/java-1.8.0-openjdk-1.8.0.101-1.b14.fc23.x86_64/bin/java
56504c5d2000-56504c5d3000 r--p 00000000 fd:00 680227                     /usr/lib/jvm/java-1.8.0-openjdk-1.8.0.101-1.b14.fc23.x86_64/bin/java
56504c5d3000-56504c5d4000 rw-p 00001000 fd:00 680227                     /usr/lib/jvm/java-1.8.0-openjdk-1.8.0.101-1.b14.fc23.x86_64/bin/java
56504e2b1000-56504e2d2000 rw-p 00000000 00:00 0                          [heap]
7f9730000000-7f9730021000 rw-p 00000000 00:00 0 
7f9730021000-7f9734000000 ---p 00000000 00:00 0 
7f9738000000-7f973803c000 rw-p 00000000 00:00 0 
7f973803c000-7f973c000000 ---p 00000000 00:00 0 
7f973c000000-7f973c021000 rw-p 00000000 00:00 0 
7f973c021000-7f9740000000 ---p 00000000 00:00 0 
7f9740000000-7f9740045000 rw-p 00000000 00:00 0 
7f9740045000-7f9744000000 ---p 00000000 00:00 0 
7f9744000000-7f9744021000 rw-p 00000000 00:00 0 
7f9744021000-7f9748000000 ---p 00000000 00:00 0 
7f9748000000-7f9748021000 rw-p 00000000 00:00 0 
7f9748021000-7f974c000000 ---p 00000000 00:00 0 
7f974c000000-7f974c021000 rw-p 00000000 00:00 0 
7f974c021000-7f9750000000 ---p 00000000 00:00 0 
7f9750000000-7f97507bc000 rw-p 00000000 00:00 0 
7f97507bc000-7f9754000000 ---p 00000000 00:00 0 
7f9754000000-7f9754571000 rw-p 00000000 00:00 0 
7f9754571000-7f9758000000 ---p 00000000 00:00 0 
7f9758000000-7f9758021000 rw-p 00000000 00:00 0 
7f9758021000-7f975c000000 ---p 00000000 00:00 0 
7f975c000000-7f975c718000 rw-p 00000000 00:00 0 
7f975c718000-7f9760000000 ---p 00000000 00:00 0 
7f9760000000-7f9760021000 rw-p 00000000 00:00 0 
7f9760021000-7f9764000000 ---p 00000000 00:00 0 
7f976553c000-7f976c000000 r--p 00000000 fd:00 2884627                    /usr/lib/locale/locale-archive
7f976c000000-7f976c021000 rw-p 00000000 00:00 0 
7f976c021000-7f9770000000 ---p 00000000 00:00 0 
7f9770000000-7f9770021000 rw-p 00000000 00:00 0 
7f9770021000-7f9774000000 ---p 00000000 00:00 0 
7f9774000000-7f9774021000 rw-p 00000000 00:00 0 
7f9774021000-7f9778000000 ---p 00000000 00:00 0 
7f9778785000-7f9778788000 ---p 00000000 00:00 0 
7f9778788000-7f9778886000 rw-p 00000000 00:00 0 
7f9778886000-7f9778889000 ---p 00000000 00:00 0 
7f9778889000-7f9778987000 rw-p 00000000 00:00 0 
7f9778987000-7f977898a000 ---p 00000000 00:00 0 
7f977898a000-7f9778a88000 rw-p 00000000 00:00 0 
7f9778a88000-7f9778a8b000 ---p 00000000 00:00 0 
7f9778a8b000-7f9778b89000 rw-p 00000000 00:00 0 
7f9778b89000-7f9778b8c000 ---p 00000000 00:00 0 
7f9778b8c000-7f9778c8a000 rw-p 00000000 00:00 0 
7f9778c8a000-7f9778c8b000 ---p 00000000 00:00 0 
7f9778c8b000-7f9778d8b000 rw-p 00000000 00:00 0 
7f9778d8b000-7f9778d8e000 ---p 00000000 00:00 0 
7f9778d8e000-7f9778e8c000 rw-p 00000000 00:00 0 
7f9778e8c000-7f9778e8f000 ---p 00000000 00:00 0 
7f9778e8f000-7f9778f8d000 rw-p 00000000 00:00 0 
7f9778f8d000-7f9778f90000 ---p 00000000 00:00 0 
7f9778f90000-7f977908e000 rw-p 00000000 00:00 0 
7f977908e000-7f9779091000 ---p 00000000 00:00 0 
7f9779091000-7f977918f000 rw-p 00000000 00:00 0 
7f977918f000-7f9779192000 ---p 00000000 00:00 0 
7f9779192000-7f9779290000 rw-p 00000000 00:00 0 
7f9779290000-7f9779293000 ---p 00000000 00:00 0 
7f9779293000-7f9779391000 rw-p 00000000 00:00 0 
7f9779391000-7f9779394000 ---p 00000000 00:00 0 
7f9779394000-7f9779492000 rw-p 00000000 00:00 0 
7f9779492000-7f9779493000 ---p 00000000 00:00 0 
7f9779493000-7f977c000000 rw-p 00000000 00:00 0 
7f977c000000-7f977c021000 rw-p 00000000 00:00 0 
7f977c021000-7f9780000000 ---p 00000000 00:00 0 
7f9780000000-7f9780021000 rw-p 00000000 00:00 0 
7f9780021000-7f9784000000 ---p 00000000 00:00 0 
7f9784000000-7f9784021000 rw-p 00000000 00:00 0 
7f9784021000-7f9788000000 ---p 00000000 00:00 0 
7f978800e000-7f9788433000 rw-p 00000000 00:00 0 
7f9788433000-7f9788600000 r--s 043c9000 fd:00 680186                     /usr/lib/jvm/java-1.8.0-openjdk-1.8.0.101-1.b14.fc23.x86_64/jre/lib/rt.jar
7f9788600000-7f9788c00000 rw-p 00000000 00:00 0 
7f9788c00000-7f9788e00000 ---p 00000000 00:00 0 
7f9788e00000-7f9789000000 rw-p 00000000 00:00 0 
7f9789000000-7f97892e0000 rwxp 00000000 00:00 0 
7f97892e0000-7f9798000000 ---p 00000000 00:00 0 
7f9798000000-7f97981b9000 rw-p 00000000 00:00 0 
7f97981b9000-7f979c000000 ---p 00000000 00:00 0 
7f979c00c000-7f979c01b000 r--s 000df000 fd:02 3803634                    /home/flogog/Android/Sdk/build-tools/23.0.3/lib/dx.jar
7f979c01b000-7f979c1b3000 rw-p 00000000 00:00 0 
7f979c1b3000-7f979c1b4000 ---p 00000000 00:00 0 
7f979c1b4000-7f979c2b4000 rw-p 00000000 00:00 0 
7f979c2b4000-7f979c2b5000 ---p 00000000 00:00 0 
7f979c2b5000-7f979c3b5000 rw-p 00000000 00:00 0 
7f979c3b5000-7f979c3b6000 ---p 00000000 00:00 0 
7f979c3b6000-7f979c4b6000 rw-p 00000000 00:00 0 
7f979c4b6000-7f979c4b7000 ---p 00000000 00:00 0 
7f979c4b7000-7f979c5cb000 rw-p 00000000 00:00 0 
7f979c5cb000-7f979c70d000 ---p 00000000 00:00 0 
7f979c70d000-7f979c721000 rw-p 00000000 00:00 0 
7f979c721000-7f979c862000 ---p 00000000 00:00 0 
7f979c862000-7f979c874000 rw-p 00000000 00:00 0 
7f979c874000-7f979c90d000 ---p 00000000 00:00 0 
7f979c90d000-7f979c91a000 rw-p 00000000 00:00 0 
7f979c91a000-7f979ccce000 ---p 00000000 00:00 0 
7f979ccce000-7f979ccd6000 r-xp 00000000 fd:00 679986                     /usr/lib/jvm/java-1.8.0-openjdk-1.8.0.101-1.b14.fc23.x86_64/jre/lib/amd64/libzip.so
7f979ccd6000-7f979ced5000 ---p 00008000 fd:00 679986                     /usr/lib/jvm/java-1.8.0-openjdk-1.8.0.101-1.b14.fc23.x86_64/jre/lib/amd64/libzip.so
7f979ced5000-7f979ced6000 r--p 00007000 fd:00 679986                     /usr/lib/jvm/java-1.8.0-openjdk-1.8.0.101-1.b14.fc23.x86_64/jre/lib/amd64/libzip.so
7f979ced6000-7f979ced7000 rw-p 00000000 00:00 0 
7f979ced7000-7f979cee2000 r-xp 00000000 fd:00 2888987                    /usr/lib64/libnss_files-2.22.so
7f979cee2000-7f979d0e1000 ---p 0000b000 fd:00 2888987                    /usr/lib64/libnss_files-2.22.so
7f979d0e1000-7f979d0e2000 r--p 0000a000 fd:00 2888987                    /usr/lib64/libnss_files-2.22.so
7f979d0e2000-7f979d0e3000 rw-p 0000b000 fd:00 2888987                    /usr/lib64/libnss_files-2.22.so
7f979d0e3000-7f979d0e9000 rw-p 00000000 00:00 0 
7f979d0e9000-7f979d116000 r-xp 00000000 fd:00 679611                     /usr/lib/jvm/java-1.8.0-openjdk-1.8.0.101-1.b14.fc23.x86_64/jre/lib/amd64/libjava.so
7f979d116000-7f979d316000 ---p 0002d000 fd:00 679611                     /usr/lib/jvm/java-1.8.0-openjdk-1.8.0.101-1.b14.fc23.x86_64/jre/lib/amd64/libjava.so
7f979d316000-7f979d317000 r--p 0002d000 fd:00 679611                     /usr/lib/jvm/java-1.8.0-openjdk-1.8.0.101-1.b14.fc23.x86_64/jre/lib/amd64/libjava.so
7f979d317000-7f979d318000 rw-p 0002e000 fd:00 679611                     /usr/lib/jvm/java-1.8.0-openjdk-1.8.0.101-1.b14.fc23.x86_64/jre/lib/amd64/libjava.so
7f979d318000-7f979d319000 rw-p 00000000 00:00 0 
7f979d319000-7f979d326000 r-xp 00000000 fd:00 679973                     /usr/lib/jvm/java-1.8.0-openjdk-1.8.0.101-1.b14.fc23.x86_64/jre/lib/amd64/libverify.so
7f979d326000-7f979d525000 ---p 0000d000 fd:00 679973                     /usr/lib/jvm/java-1.8.0-openjdk-1.8.0.101-1.b14.fc23.x86_64/jre/lib/amd64/libverify.so
7f979d525000-7f979d527000 r--p 0000c000 fd:00 679973                     /usr/lib/jvm/java-1.8.0-openjdk-1.8.0.101-1.b14.fc23.x86_64/jre/lib/amd64/libverify.so
7f979d527000-7f979d528000 rw-p 00000000 00:00 0 
7f979d528000-7f979d52f000 r-xp 00000000 fd:00 2889268                    /usr/lib64/librt-2.22.so
7f979d52f000-7f979d72e000 ---p 00007000 fd:00 2889268                    /usr/lib64/librt-2.22.so
7f979d72e000-7f979d72f000 r--p 00006000 fd:00 2889268                    /usr/lib64/librt-2.22.so
7f979d72f000-7f979d730000 rw-p 00007000 fd:00 2889268                    /usr/lib64/librt-2.22.so
7f979d730000-7f979d746000 r-xp 00000000 fd:00 2891036                    /usr/lib64/libgcc_s-5.3.1-20160406.so.1
7f979d746000-7f979d945000 ---p 00016000 fd:00 2891036                    /usr/lib64/libgcc_s-5.3.1-20160406.so.1
7f979d945000-7f979d946000 r--p 00015000 fd:00 2891036                    /usr/lib64/libgcc_s-5.3.1-20160406.so.1
7f979d946000-7f979d947000 rw-p 00016000 fd:00 2891036                    /usr/lib64/libgcc_s-5.3.1-20160406.so.1
7f979d947000-7f979da48000 r-xp 00000000 fd:00 2887745                    /usr/lib64/libm-2.22.so
7f979da48000-7f979dc47000 ---p 00101000 fd:00 2887745                    /usr/lib64/libm-2.22.so
7f979dc47000-7f979dc48000 r--p 00100000 fd:00 2887745                    /usr/lib64/libm-2.22.so
7f979dc48000-7f979dc49000 rw-p 00101000 fd:00 2887745                    /usr/lib64/libm-2.22.so
7f979dc49000-7f979ddbb000 r-xp 00000000 fd:00 2886511                    /usr/lib64/libstdc++.so.6.0.21
7f979ddbb000-7f979dfbb000 ---p 00172000 fd:00 2886511                    /usr/lib64/libstdc++.so.6.0.21
7f979dfbb000-7f979dfc5000 r--p 00172000 fd:00 2886511                    /usr/lib64/libstdc++.so.6.0.21
7f979dfc5000-7f979dfc7000 rw-p 0017c000 fd:00 2886511                    /usr/lib64/libstdc++.so.6.0.21
7f979dfc7000-7f979dfcb000 rw-p 00000000 00:00 0 
7f979dfcb000-7f979ec17000 r-xp 00000000 fd:00 680020                     /usr/lib/jvm/java-1.8.0-openjdk-1.8.0.101-1.b14.fc23.x86_64/jre/lib/amd64/server/libjvm.so
7f979ec17000-7f979ee17000 ---p 00c4c000 fd:00 680020                     /usr/lib/jvm/java-1.8.0-openjdk-1.8.0.101-1.b14.fc23.x86_64/jre/lib/amd64/server/libjvm.so
7f979ee17000-7f979eeaa000 r--p 00c4c000 fd:00 680020                     /usr/lib/jvm/java-1.8.0-openjdk-1.8.0.101-1.b14.fc23.x86_64/jre/lib/amd64/server/libjvm.so
7f979eeaa000-7f979eed2000 rw-p 00cdf000 fd:00 680020                     /usr/lib/jvm/java-1.8.0-openjdk-1.8.0.101-1.b14.fc23.x86_64/jre/lib/amd64/server/libjvm.so
7f979eed2000-7f979ef03000 rw-p 00000000 00:00 0 
7f979ef03000-7f979f0ba000 r-xp 00000000 fd:00 2885141                    /usr/lib64/libc-2.22.so
7f979f0ba000-7f979f2ba000 ---p 001b7000 fd:00 2885141                    /usr/lib64/libc-2.22.so
7f979f2ba000-7f979f2be000 r--p 001b7000 fd:00 2885141                    /usr/lib64/libc-2.22.so
7f979f2be000-7f979f2c0000 rw-p 001bb000 fd:00 2885141                    /usr/lib64/libc-2.22.so
7f979f2c0000-7f979f2c4000 rw-p 00000000 00:00 0 
7f979f2c4000-7f979f2c7000 r-xp 00000000 fd:00 2887737                    /usr/lib64/libdl-2.22.so
7f979f2c7000-7f979f4c6000 ---p 00003000 fd:00 2887737                    /usr/lib64/libdl-2.22.so
7f979f4c6000-7f979f4c7000 r--p 00002000 fd:00 2887737                    /usr/lib64/libdl-2.22.so
7f979f4c7000-7f979f4c8000 rw-p 00003000 fd:00 2887737                    /usr/lib64/libdl-2.22.so
7f979f4c8000-7f979f4d5000 r-xp 00000000 fd:00 680280                     /usr/lib/jvm/java-1.8.0-openjdk-1.8.0.101-1.b14.fc23.x86_64/lib/amd64/jli/libjli.so
7f979f4d5000-7f979f6d5000 ---p 0000d000 fd:00 680280                     /usr/lib/jvm/java-1.8.0-openjdk-1.8.0.101-1.b14.fc23.x86_64/lib/amd64/jli/libjli.so
7f979f6d5000-7f979f6d6000 r--p 0000d000 fd:00 680280                     /usr/lib/jvm/java-1.8.0-openjdk-1.8.0.101-1.b14.fc23.x86_64/lib/amd64/jli/libjli.so
7f979f6d6000-7f979f6d7000 rw-p 00000000 00:00 0 
7f979f6d7000-7f979f6ec000 r-xp 00000000 fd:00 2892788                    /usr/lib64/libz.so.1.2.8
7f979f6ec000-7f979f8eb000 ---p 00015000 fd:00 2892788                    /usr/lib64/libz.so.1.2.8
7f979f8eb000-7f979f8ec000 r--p 00014000 fd:00 2892788                    /usr/lib64/libz.so.1.2.8
7f979f8ec000-7f979f8ed000 rw-p 00015000 fd:00 2892788                    /usr/lib64/libz.so.1.2.8
7f979f8ed000-7f979f905000 r-xp 00000000 fd:00 2888998                    /usr/lib64/libpthread-2.22.so
7f979f905000-7f979fb04000 ---p 00018000 fd:00 2888998                    /usr/lib64/libpthread-2.22.so
7f979fb04000-7f979fb06000 r--p 00017000 fd:00 2888998                    /usr/lib64/libpthread-2.22.so
7f979fb06000-7f979fb07000 rw-p 00019000 fd:00 2888998                    /usr/lib64/libpthread-2.22.so
7f979fb07000-7f979fb0b000 rw-p 00000000 00:00 0 
7f979fb0b000-7f979fb2c000 r-xp 00000000 fd:00 2884620                    /usr/lib64/ld-2.22.so
7f979fb2f000-7f979fb34000 r--s 0004d000 fd:02 8389941                    /home/flogog/.gradle/caches/modules-2/files-2.1/com.squareup.okhttp3/okhttp/3.2.0/f7873a2ebde246a45c2a8d6f3247108b4c88a879/okhttp-3.2.0.jar
7f979fb34000-7f979fc04000 rw-p 00000000 00:00 0 
7f979fc04000-7f979fc07000 ---p 00000000 00:00 0 
7f979fc07000-7f979fd0a000 rw-p 00000000 00:00 0 
7f979fd0b000-7f979fd20000 rw-p 00000000 00:00 0 
7f979fd20000-7f979fd28000 rw-s 00000000 00:26 529326                     /tmp/hsperfdata_flogog/16717
7f979fd28000-7f979fd29000 rw-p 00000000 00:00 0 
7f979fd29000-7f979fd2a000 ---p 00000000 00:00 0 
7f979fd2a000-7f979fd2b000 rw-p 00000000 00:00 0 
7f979fd2b000-7f979fd2c000 r--p 00020000 fd:00 2884620                    /usr/lib64/ld-2.22.so
7f979fd2c000-7f979fd2d000 rw-p 00021000 fd:00 2884620                    /usr/lib64/ld-2.22.so
7f979fd2d000-7f979fd2e000 rw-p 00000000 00:00 0 
7ffdc142d000-7ffdc144f000 rw-p 00000000 00:00 0                          [stack]
7ffdc1521000-7ffdc1524000 r--p 00000000 00:00 0                          [vvar]
7ffdc1524000-7ffdc1526000 r-xp 00000000 00:00 0                          [vdso]
ffffffffff600000-ffffffffff601000 r-xp 00000000 00:00 0                  [vsyscall]

VM Arguments:
jvm_args: -Djava.awt.headless=true -Xmx1024M -Dfile.encoding=UTF-8 -Duser.country=US -Duser.language=en -Duser.variant 
java_command: com.android.dx.command.Main --dex --force-jumbo --num-threads=4 --multi-dex --output /home/flogog/AndroidStudioProjects/Mascotas/app/build/intermediates/transforms/dex/debug/folders/1000/10/okhttp-3.2.0_31af2fe2ec473f13f6a611a96260458274e7b56d /home/flogog/.gradle/caches/modules-2/files-2.1/com.squareup.okhttp3/okhttp/3.2.0/f7873a2ebde246a45c2a8d6f3247108b4c88a879/okhttp-3.2.0.jar
java_class_path (initial): /home/flogog/Android/Sdk/build-tools/23.0.3/lib/dx.jar
Launcher Type: SUN_STANDARD

Environment Variables:
PATH=/usr/lib64/qt-3.3/bin:/usr/local/bin:/usr/local/sbin:/usr/bin:/usr/sbin:/home/flogog/.local/bin:/home/flogog/bin
USERNAME=flogog
LD_LIBRARY_PATH=./Downloads/android-studio/bin:
SHELL=/bin/bash
DISPLAY=:0

Signal Handlers:
SIGSEGV: [libjvm.so+0xa613c0], sa_mask[0]=11111111011111111101111111111110, sa_flags=SA_RESTART|SA_SIGINFO
SIGBUS: [libjvm.so+0xa613c0], sa_mask[0]=11111111011111111101111111111110, sa_flags=SA_RESTART|SA_SIGINFO
SIGFPE: [libjvm.so+0x8ac9b0], sa_mask[0]=11111111011111111101111111111110, sa_flags=SA_RESTART|SA_SIGINFO
SIGPIPE: [libjvm.so+0x8ac9b0], sa_mask[0]=11111111011111111101111111111110, sa_flags=SA_RESTART|SA_SIGINFO
SIGXFSZ: [libjvm.so+0x8ac9b0], sa_mask[0]=11111111011111111101111111111110, sa_flags=SA_RESTART|SA_SIGINFO
SIGILL: [libjvm.so+0x8ac9b0], sa_mask[0]=11111111011111111101111111111110, sa_flags=SA_RESTART|SA_SIGINFO
SIGUSR1: SIG_DFL, sa_mask[0]=00000000000000000000000000000000, sa_flags=none
SIGUSR2: [libjvm.so+0x8ac860], sa_mask[0]=00100000000000000000000000000000, sa_flags=SA_RESTART|SA_SIGINFO
SIGHUP: [libjvm.so+0x8acd30], sa_mask[0]=11111111011111111101111111111110, sa_flags=SA_RESTART|SA_SIGINFO
SIGINT: [libjvm.so+0x8acd30], sa_mask[0]=11111111011111111101111111111110, sa_flags=SA_RESTART|SA_SIGINFO
SIGTERM: [libjvm.so+0x8acd30], sa_mask[0]=11111111011111111101111111111110, sa_flags=SA_RESTART|SA_SIGINFO
SIGQUIT: [libjvm.so+0x8acd30], sa_mask[0]=11111111011111111101111111111110, sa_flags=SA_RESTART|SA_SIGINFO


---------------  S Y S T E M  ---------------

OS:Fedora release 23 (Twenty Three)

uname:Linux 4.6.4-201.fc23.x86_64 #1 SMP Tue Jul 12 11:43:59 UTC 2016 x86_64
libc:glibc 2.22 NPTL 2.22 
rlimit: STACK 8192k, CORE 0k, NPROC 14563, NOFILE 4096, AS infinity
load average:37.45 14.80 8.47

/proc/meminfo:
MemTotal:        3930252 kB
MemFree:           86372 kB
MemAvailable:          0 kB
Buffers:             380 kB
Cached:           317272 kB
SwapCached:         3700 kB
Active:          2742556 kB
Inactive:         818324 kB
Active(anon):    2737508 kB
Inactive(anon):   813112 kB
Active(file):       5048 kB
Inactive(file):     5212 kB
Unevictable:         344 kB
Mlocked:             344 kB
SwapTotal:       3932156 kB
SwapFree:              0 kB
Dirty:                68 kB
Writeback:           140 kB
AnonPages:       3241928 kB
Mapped:            89188 kB
Shmem:            307164 kB
Slab:             123100 kB
SReclaimable:      52912 kB
SUnreclaim:        70188 kB
KernelStack:       15664 kB
PageTables:        78268 kB
NFS_Unstable:          0 kB
Bounce:                0 kB
WritebackTmp:          0 kB
CommitLimit:     5897280 kB
Committed_AS:   16027952 kB
VmallocTotal:   34359738367 kB
VmallocUsed:           0 kB
VmallocChunk:          0 kB
HardwareCorrupted:     0 kB
AnonHugePages:         0 kB
CmaTotal:              0 kB
CmaFree:               0 kB
HugePages_Total:       0
HugePages_Free:        0
HugePages_Rsvd:        0
HugePages_Surp:        0
Hugepagesize:       2048 kB
DirectMap4k:      217184 kB
DirectMap2M:     3860480 kB


CPU:total 4 (2 cores per cpu, 2 threads per core) family 6 model 58 stepping 9, cmov, cx8, fxsr, mmx, sse, sse2, sse3, ssse3, sse4.1, sse4.2, popcnt, avx, aes, clmul, erms, ht, tsc, tscinvbit, tscinv

/proc/cpuinfo:
processor	: 0
vendor_id	: GenuineIntel
cpu family	: 6
model		: 58
model name	: Intel(R) Core(TM) i7-3517U CPU @ 1.90GHz
stepping	: 9
microcode	: 0x1c
cpu MHz		: 2799.937
cache size	: 4096 KB
physical id	: 0
siblings	: 4
core id		: 0
cpu cores	: 2
apicid		: 0
initial apicid	: 0
fpu		: yes
fpu_exception	: yes
cpuid level	: 13
wp		: yes
flags		: fpu vme de pse tsc msr pae mce cx8 apic sep mtrr pge mca cmov pat pse36 clflush dts acpi mmx fxsr sse sse2 ss ht tm pbe syscall nx rdtscp lm constant_tsc arch_perfmon pebs bts rep_good nopl xtopology nonstop_tsc aperfmperf eagerfpu pni pclmulqdq dtes64 monitor ds_cpl vmx est tm2 ssse3 cx16 xtpr pdcm pcid sse4_1 sse4_2 x2apic popcnt tsc_deadline_timer aes xsave avx f16c rdrand lahf_lm epb tpr_shadow vnmi flexpriority ept vpid fsgsbase smep erms xsaveopt dtherm ida arat pln pts
bugs		:
bogomips	: 4788.95
clflush size	: 64
cache_alignment	: 64
address sizes	: 36 bits physical, 48 bits virtual
power management:

processor	: 1
vendor_id	: GenuineIntel
cpu family	: 6
model		: 58
model name	: Intel(R) Core(TM) i7-3517U CPU @ 1.90GHz
stepping	: 9
microcode	: 0x1c
cpu MHz		: 2799.937
cache size	: 4096 KB
physical id	: 0
siblings	: 4
core id		: 1
cpu cores	: 2
apicid		: 2
initial apicid	: 2
fpu		: yes
fpu_exception	: yes
cpuid level	: 13
wp		: yes
flags		: fpu vme de pse tsc msr pae mce cx8 apic sep mtrr pge mca cmov pat pse36 clflush dts acpi mmx fxsr sse sse2 ss ht tm pbe syscall nx rdtscp lm constant_tsc arch_perfmon pebs bts rep_good nopl xtopology nonstop_tsc aperfmperf eagerfpu pni pclmulqdq dtes64 monitor ds_cpl vmx est tm2 ssse3 cx16 xtpr pdcm pcid sse4_1 sse4_2 x2apic popcnt tsc_deadline_timer aes xsave avx f16c rdrand lahf_lm epb tpr_shadow vnmi flexpriority ept vpid fsgsbase smep erms xsaveopt dtherm ida arat pln pts
bugs		:
bogomips	: 4793.55
clflush size	: 64
cache_alignment	: 64
address sizes	: 36 bits physical, 48 bits virtual
power management:

processor	: 2
vendor_id	: GenuineIntel
cpu family	: 6
model		: 58
model name	: Intel(R) Core(TM) i7-3517U CPU @ 1.90GHz
stepping	: 9
microcode	: 0x1c
cpu MHz		: 2799.937
cache size	: 4096 KB
physical id	: 0
siblings	: 4
core id		: 0
cpu cores	: 2
apicid		: 1
initial apicid	: 1
fpu		: yes
fpu_exception	: yes
cpuid level	: 13
wp		: yes
flags		: fpu vme de pse tsc msr pae mce cx8 apic sep mtrr pge mca cmov pat pse36 clflush dts acpi mmx fxsr sse sse2 ss ht tm pbe syscall nx rdtscp lm constant_tsc arch_perfmon pebs bts rep_good nopl xtopology nonstop_tsc aperfmperf eagerfpu pni pclmulqdq dtes64 monitor ds_cpl vmx est tm2 ssse3 cx16 xtpr pdcm pcid sse4_1 sse4_2 x2apic popcnt tsc_deadline_timer aes xsave avx f16c rdrand lahf_lm epb tpr_shadow vnmi flexpriority ept vpid fsgsbase smep erms xsaveopt dtherm ida arat pln pts
bugs		:
bogomips	: 4796.80
clflush size	: 64
cache_alignment	: 64
address sizes	: 36 bits physical, 48 bits virtual
power management:

processor	: 3
vendor_id	: GenuineIntel
cpu family	: 6
model		: 58
model name	: Intel(R) Core(TM) i7-3517U CPU @ 1.90GHz
stepping	: 9
microcode	: 0x1c
cpu MHz		: 2799.937
cache size	: 4096 KB
physical id	: 0
siblings	: 4
core id		: 1
cpu cores	: 2
apicid		: 3
initial apicid	: 3
fpu		: yes
fpu_exception	: yes
cpuid level	: 13
wp		: yes
flags		: fpu vme de pse tsc msr pae mce cx8 apic sep mtrr pge mca cmov pat pse36 clflush dts acpi mmx fxsr sse sse2 ss ht tm pbe syscall nx rdtscp lm constant_tsc arch_perfmon pebs bts rep_good nopl xtopology nonstop_tsc aperfmperf eagerfpu pni pclmulqdq dtes64 monitor ds_cpl vmx est tm2 ssse3 cx16 xtpr pdcm pcid sse4_1 sse4_2 x2apic popcnt tsc_deadline_timer aes xsave avx f16c rdrand lahf_lm epb tpr_shadow vnmi flexpriority ept vpid fsgsbase smep erms xsaveopt dtherm ida arat pln pts
bugs		:
bogomips	: 4794.43
clflush size	: 64
cache_alignment	: 64
address sizes	: 36 bits physical, 48 bits virtual
power management:



Memory: 4k page, physical 3930252k(86304k free), swap 3932156k(0k free)

vm_info: OpenJDK 64-Bit Server VM (25.101-b14) for linux-amd64 JRE (1.8.0_101-b14), built on Jul 26 2016 10:31:00 by "mockbuild" with gcc 5.3.1 20160406 (Red Hat 5.3.1-6)

time: Sun Jul 31 21:22:22 2016
elapsed time: 67 seconds (0d 0h 1m 7s)

